Traceback (most recent call last):
  File "/home/runner/.local/lib/python3.12/site-packages/jupyter_core/utils/__init__.py", line 154, in wrapped
    asyncio.get_running_loop()
RuntimeError: no running event loop

During handling of the above exception, another exception occurred:

Traceback (most recent call last):
  File "/home/runner/.local/lib/python3.12/site-packages/jupyter_cache/executors/utils.py", line 58, in single_nb_execution
    executenb(
  File "/home/runner/.local/lib/python3.12/site-packages/nbclient/client.py", line 1319, in execute
    return NotebookClient(nb=nb, resources=resources, km=km, **kwargs).execute()
           ^^^^^^^^^^^^^^^^^^^^^^^^^^^^^^^^^^^^^^^^^^^^^^^^^^^^^^^^^^^^^^^^^^^^^
  File "/home/runner/.local/lib/python3.12/site-packages/jupyter_core/utils/__init__.py", line 158, in wrapped
    return loop.run_until_complete(inner)
           ^^^^^^^^^^^^^^^^^^^^^^^^^^^^^^
  File "/usr/lib/python3.12/asyncio/base_events.py", line 687, in run_until_complete
    return future.result()
           ^^^^^^^^^^^^^^^
  File "/home/runner/.local/lib/python3.12/site-packages/nbclient/client.py", line 709, in async_execute
    await self.async_execute_cell(
  File "/home/runner/.local/lib/python3.12/site-packages/nbclient/client.py", line 1062, in async_execute_cell
    await self._check_raise_for_error(cell, cell_index, exec_reply)
  File "/home/runner/.local/lib/python3.12/site-packages/nbclient/client.py", line 918, in _check_raise_for_error
    raise CellExecutionError.from_cell_and_msg(cell, exec_reply_content)
nbclient.exceptions.CellExecutionError: An error occurred while executing the following cell:
------------------
!pip install crapssim
import crapssim as craps
from crapssim.strategy import *
from crapssim.strategy.examples import PlaceInside, IronCross, HammerLock, Risk12, Knockout, DiceDoctor

import numpy as np
import pandas as pd
from plotnine import *
------------------

----- stdout -----
Defaulting to user installation because normal site-packages is not writeable
----- stdout -----
Collecting crapssim
----- stdout -----
  Downloading crapssim-0.3.1-py3-none-any.whl.metadata (5.0 kB)
----- stdout -----
Collecting numpy>=1.18.0 (from crapssim)
  Downloading numpy-2.3.2-cp312-cp312-manylinux_2_27_x86_64.manylinux_2_28_x86_64.whl.metadata (62 kB)
[?25l     [90m━━━━━━━━━━━━━━━━━━━━━━━━━━━━━━━━━━━━━━━━[0m [32m0.0/62.1 kB[0m [31m?[0m eta [36m-:--:--[0m
----- stdout -----
[2K     [90m━━━━━━━━━━━━━━━━━━━━━━━━━━━━━━━━━━━━━━━━[0m [32m62.1/62.1 kB[0m [31m5.3 MB/s[0m eta [36m0:00:00[0m
[?25hDownloading crapssim-0.3.1-py3-none-any.whl (78 kB)
[?25l   [90m━━━━━━━━━━━━━━━━━━━━━━━━━━━━━━━━━━━━━━━━[0m [32m0.0/78.1 kB[0m [31m?[0m eta [36m-:--:--[0m[2K   [90m━━━━━━━━━━━━━━━━━━━━━━━━━━━━━━━━━━━━━━━━[0m [32m78.1/78.1 kB[0m [31m23.3 MB/s[0m eta [36m0:00:00[0m
[?25hDownloading numpy-2.3.2-cp312-cp312-manylinux_2_27_x86_64.manylinux_2_28_x86_64.whl (16.6 MB)
[?25l   [90m━━━━━━━━━━━━━━━━━━━━━━━━━━━━━━━━━━━━━━━━[0m [32m0.0/16.6 MB[0m [31m?[0m eta [36m-:--:--[0m
----- stdout -----
[2K   [91m━━━━━━━━━━━[0m[91m╸[0m[90m━━━━━━━━━━━━━━━━━━━━━━━━━━━━[0m [32m4.9/16.6 MB[0m [31m146.8 MB/s[0m eta [36m0:00:01[0m
----- stdout -----
[2K   [91m━━━━━━━━━━━━━━━━━━━━━━━━━━━━[0m[91m╸[0m[90m━━━━━━━━━━━[0m [32m11.9/16.6 MB[0m [31m199.5 MB/s[0m eta [36m0:00:01[0m[2K   [91m━━━━━━━━━━━━━━━━━━━━━━━━━━━━━━━━━━━━━━━[0m[91m╸[0m [32m16.6/16.6 MB[0m [31m217.9 MB/s[0m eta [36m0:00:01[0m
----- stdout -----
[2K   [90m━━━━━━━━━━━━━━━━━━━━━━━━━━━━━━━━━━━━━━━━[0m [32m16.6/16.6 MB[0m [31m144.3 MB/s[0m eta [36m0:00:00[0m
[?25h
----- stdout -----
Installing collected packages: numpy, crapssim
----- stdout -----
Successfully installed crapssim-0.3.1 numpy-2.3.2
------------------

[31m---------------------------------------------------------------------------[39m
[31mModuleNotFoundError[39m                       Traceback (most recent call last)
[36mCell[39m[36m [39m[32mIn[1][39m[32m, line 7[39m
[32m      4[39m [38;5;28;01mfrom[39;00m [34;01mcrapssim[39;00m[34;01m.[39;00m[34;01mstrategy[39;00m[34;01m.[39;00m[34;01mexamples[39;00m [38;5;28;01mimport[39;00m PlaceInside, IronCross, HammerLock, Risk12, Knockout, DiceDoctor
[32m      6[39m [38;5;28;01mimport[39;00m [34;01mnumpy[39;00m [38;5;28;01mas[39;00m [34;01mnp[39;00m
[32m----> [39m[32m7[39m [38;5;28;01mimport[39;00m [34;01mpandas[39;00m [38;5;28;01mas[39;00m [34;01mpd[39;00m
[32m      8[39m [38;5;28;01mfrom[39;00m [34;01mplotnine[39;00m [38;5;28;01mimport[39;00m *

[31mModuleNotFoundError[39m: No module named 'pandas'

