<?xml version="1.0" encoding="utf-8"?><testsuites name="pytest tests"><testsuite name="pytest" errors="0" failures="0" skipped="2" tests="3895" time="5.804" timestamp="2025-10-23T19:59:10.611316+00:00" hostname="5d097fedf87b"><testcase classname="tests.api.test_apply_action_bankroll" name="test_insufficient_funds_rejected" time="0.001" /><testcase classname="tests.api.test_apply_action_bankroll" name="test_bankroll_deducts_deterministically" time="0.000" /><testcase classname="tests.api.test_apply_action_bankroll" name="test_table_rule_block_error_envelope_consistency" time="0.000" /><testcase classname="tests.api.test_apply_action_bankroll" name="test_default_bankroll_if_unknown_session" time="0.000" /><testcase classname="tests.api.test_apply_action_legality" name="test_place_illegal_on_comeout" time="0.000" /><testcase classname="tests.api.test_apply_action_legality" name="test_place_legal_when_puck_on_with_increment_ok" time="0.000" /><testcase classname="tests.api.test_apply_action_legality" name="test_increment_violation_on_place6" time="0.000" /><testcase classname="tests.api.test_apply_action_legality" name="test_table_cap_limit_breach" time="0.000" /><testcase classname="tests.api.test_apply_action_legality" name="test_line_bet_only_on_comeout" time="0.000" /><testcase classname="tests.api.test_apply_action_placeholder" name="test_apply_action_placeholder" time="0.000"><skipped type="pytest.skip" message="Phase 3 not implemented yet: /apply_action scaffolding only">/workspace/crapssim/tests/api/test_apply_action_placeholder.py:4: Phase 3 not implemented yet: /apply_action scaffolding only</skipped></testcase><testcase classname="tests.api.test_apply_action_stub" name="test_known_verb_stub_ok" time="0.000" /><testcase classname="tests.api.test_apply_action_stub" name="test_unknown_verb_raises_unsupported" time="0.000" /><testcase classname="tests.api.test_apply_action_stub" name="test_bad_args_not_dict" time="0.000" /><testcase classname="tests.api.test_apply_action_stub" name="test_bad_args_empty_verb" time="0.000" /><testcase classname="tests.api.test_baseline_smoke" name="test_version_tag" time="0.000" /><testcase classname="tests.api.test_baseline_smoke" name="test_capabilities_contains_core_keys" time="0.000" /><testcase classname="tests.api.test_baseline_smoke" name="test_start_session_echoes_profile_and_seed" time="0.000" /><testcase classname="tests.api.test_baseline_smoke" name="test_fingerprint_script_runs" time="0.583" /><testcase classname="tests.api.test_capabilities_contract" name="test_capabilities_basic" time="0.000" /><testcase classname="tests.api.test_capabilities_contract" name="test_start_session_reflects_disabled_buylay" time="0.000" /><testcase classname="tests.api.test_error_contract" name="test_bad_args_seed_type" time="0.000" /><testcase classname="tests.api.test_error_contract" name="test_unsupported_bet" time="0.000" /><testcase classname="tests.api.test_error_contract" name="test_table_rule_block" time="0.001" /><testcase classname="tests.integration.test_bet" name="test_bet_equality2[bet_one0-bet_two0]" time="0.001" /><testcase classname="tests.integration.test_bet" name="test_bet_equality2[bet_one1-bet_two1]" time="0.000" /><testcase classname="tests.integration.test_bet" name="test_bet_equality2[bet_one2-bet_two2]" time="0.000" /><testcase classname="tests.integration.test_bet" name="test_bet_equality2[bet_one3-bet_two3]" time="0.000" /><testcase classname="tests.integration.test_bet" name="test_bet_equality2[bet_one4-bet_two4]" time="0.001" /><testcase classname="tests.integration.test_bet" name="test_bet_equality2[bet_one5-bet_two5]" time="0.000" /><testcase classname="tests.integration.test_bet" name="test_bet_equality2[bet_one6-bet_two6]" time="0.000" /><testcase classname="tests.integration.test_bet" name="test_bet_equality2[bet_one7-bet_two7]" time="0.000" /><testcase classname="tests.integration.test_bet" name="test_bet_equality2[bet_one8-bet_two8]" time="0.000" /><testcase classname="tests.integration.test_bet" name="test_bet_equality2[bet_one9-bet_two9]" time="0.000" /><testcase classname="tests.integration.test_bet" name="test_bet_equality2[bet_one10-bet_two10]" time="0.000" /><testcase classname="tests.integration.test_bet" name="test_bet_equality2[bet_one11-bet_two11]" time="0.000" /><testcase classname="tests.integration.test_bet" name="test_bet_equality2[bet_one12-bet_two12]" time="0.000" /><testcase classname="tests.integration.test_bet" name="test_bet_equality2[bet_one13-bet_two13]" time="0.000" /><testcase classname="tests.integration.test_bet" name="test_bet_equality2[bet_one14-bet_two14]" time="0.000" /><testcase classname="tests.integration.test_bet" name="test_bet_equality2[bet_one15-bet_two15]" time="0.000" /><testcase classname="tests.integration.test_bet" name="test_bet_equality2[bet_one16-bet_two16]" time="0.000" /><testcase classname="tests.integration.test_bet" name="test_bet_equality2[bet_one17-bet_two17]" time="0.000" /><testcase classname="tests.integration.test_bet" name="test_bet_equality2[bet_one18-bet_two18]" time="0.000" /><testcase classname="tests.integration.test_bet" name="test_bet_equality2[bet_one19-bet_two19]" time="0.000" /><testcase classname="tests.integration.test_bet" name="test_bet_equality2[bet_one20-bet_two20]" time="0.000" /><testcase classname="tests.integration.test_bet" name="test_bet_equality2[bet_one21-bet_two21]" time="0.000" /><testcase classname="tests.integration.test_bet" name="test_bet_equality2[bet_one22-bet_two22]" time="0.000" /><testcase classname="tests.integration.test_bet" name="test_bet_equality2[bet_one23-bet_two23]" time="0.000" /><testcase classname="tests.integration.test_bet" name="test_bet_equality2[bet_one24-bet_two24]" time="0.001" /><testcase classname="tests.integration.test_bet" name="test_bet_equality2[bet_one25-bet_two25]" time="0.000" /><testcase classname="tests.integration.test_bet" name="test_bet_equality2[bet_one26-bet_two26]" time="0.000" /><testcase classname="tests.integration.test_bet" name="test_bet_equality2[bet_one27-bet_two27]" time="0.001" /><testcase classname="tests.integration.test_bet" name="test_bet_equality2[bet_one28-bet_two28]" time="0.000" /><testcase classname="tests.integration.test_bet" name="test_bet_equality2[bet_one29-bet_two29]" time="0.000" /><testcase classname="tests.integration.test_bet" name="test_bet_equality2[bet_one30-bet_two30]" time="0.000" /><testcase classname="tests.integration.test_bet" name="test_bet_equality2[bet_one31-bet_two31]" time="0.000" /><testcase classname="tests.integration.test_bet" name="test_bet_equality2[bet_one32-bet_two32]" time="0.000" /><testcase classname="tests.integration.test_bet" name="test_bet_equality2[bet_one33-bet_two33]" time="0.000" /><testcase classname="tests.integration.test_bet" name="test_bet_equality2[bet_one34-bet_two34]" time="0.000" /><testcase classname="tests.integration.test_bet" name="test_bet_equality2[bet_one35-bet_two35]" time="0.000" /><testcase classname="tests.integration.test_bet" name="test_bet_equality2[bet_one36-bet_two36]" time="0.000" /><testcase classname="tests.integration.test_bet" name="test_bet_equality2[bet_one37-bet_two37]" time="0.000" /><testcase classname="tests.integration.test_bet" name="test_bet_equality2[bet_one38-bet_two38]" time="0.001" /><testcase classname="tests.integration.test_bet" name="test_bet_equality2[bet_one39-bet_two39]" time="0.000" /><testcase classname="tests.integration.test_bet" name="test_bet_equality2[bet_one40-bet_two40]" time="0.000" /><testcase classname="tests.integration.test_bet" name="test_bet_equality2[bet_one41-bet_two41]" time="0.000" /><testcase classname="tests.integration.test_bet" name="test_bet_equality2[bet_one42-bet_two42]" time="0.000" /><testcase classname="tests.integration.test_bet" name="test_bet_equality2[bet_one43-bet_two43]" time="0.000" /><testcase classname="tests.integration.test_bet" name="test_bet_equality2[bet_one44-bet_two44]" time="0.000" /><testcase classname="tests.integration.test_bet" name="test_bet_equality2[bet_one45-bet_two45]" time="0.000" /><testcase classname="tests.integration.test_bet" name="test_bet_equality2[bet_one46-bet_two46]" time="0.000" /><testcase classname="tests.integration.test_bet" name="test_bet_equality2[bet_one47-bet_two47]" time="0.000" /><testcase classname="tests.integration.test_bet" name="test_bet_equality2[bet_one48-bet_two48]" time="0.000" /><testcase classname="tests.integration.test_bet" name="test_bet_equality2[bet_one49-bet_two49]" time="0.000" /><testcase classname="tests.integration.test_bet" name="test_bet_type_inequality[bet_one0-bet_two0]" time="0.000" /><testcase classname="tests.integration.test_bet" name="test_bet_type_inequality[bet_one1-bet_two1]" time="0.000" /><testcase classname="tests.integration.test_bet" name="test_bet_type_inequality[bet_one2-bet_two2]" time="0.000" /><testcase classname="tests.integration.test_bet" name="test_bet_type_inequality[bet_one3-bet_two3]" time="0.000" /><testcase classname="tests.integration.test_bet" name="test_bet_type_inequality[bet_one4-bet_two4]" time="0.000" /><testcase classname="tests.integration.test_bet" name="test_bet_type_inequality[bet_one5-bet_two5]" time="0.000" /><testcase classname="tests.integration.test_bet" name="test_bet_type_inequality[bet_one6-bet_two6]" time="0.000" /><testcase classname="tests.integration.test_bet" name="test_bet_type_inequality[bet_one7-bet_two7]" time="0.000" /><testcase classname="tests.integration.test_bet" name="test_bet_type_inequality[bet_one8-bet_two8]" time="0.000" /><testcase classname="tests.integration.test_bet" name="test_bet_type_inequality[bet_one9-bet_two9]" time="0.000" /><testcase classname="tests.integration.test_bet" name="test_bet_type_inequality[bet_one10-bet_two10]" time="0.000" /><testcase classname="tests.integration.test_bet" name="test_bet_type_inequality[bet_one11-bet_two11]" time="0.000" /><testcase classname="tests.integration.test_bet" name="test_bet_type_inequality[bet_one12-bet_two12]" time="0.000" /><testcase classname="tests.integration.test_bet" name="test_bet_type_inequality[bet_one13-bet_two13]" time="0.000" /><testcase classname="tests.integration.test_bet" name="test_bet_type_inequality[bet_one14-bet_two14]" time="0.000" /><testcase classname="tests.integration.test_bet" name="test_bet_type_inequality[bet_one15-bet_two15]" time="0.000" /><testcase classname="tests.integration.test_bet" name="test_bet_type_inequality[bet_one16-bet_two16]" time="0.000" /><testcase classname="tests.integration.test_bet" name="test_bet_type_inequality[bet_one17-bet_two17]" time="0.000" /><testcase classname="tests.integration.test_bet" name="test_bet_type_inequality[bet_one18-bet_two18]" time="0.000" /><testcase classname="tests.integration.test_bet" name="test_bet_type_inequality[bet_one19-bet_two19]" time="0.000" /><testcase classname="tests.integration.test_bet" name="test_bet_type_inequality[bet_one20-bet_two20]" time="0.000" /><testcase classname="tests.integration.test_bet" name="test_bet_type_inequality[bet_one21-bet_two21]" time="0.000" /><testcase classname="tests.integration.test_bet" name="test_bet_type_inequality[bet_one22-bet_two22]" time="0.000" /><testcase classname="tests.integration.test_bet" name="test_bet_type_inequality[bet_one23-bet_two23]" time="0.000" /><testcase classname="tests.integration.test_bet" name="test_bet_type_inequality[bet_one24-bet_two24]" time="0.000" /><testcase classname="tests.integration.test_bet" name="test_bet_type_inequality[bet_one25-bet_two25]" time="0.000" /><testcase classname="tests.integration.test_bet" name="test_bet_type_inequality[bet_one26-bet_two26]" time="0.000" /><testcase classname="tests.integration.test_bet" name="test_bet_type_inequality[bet_one27-bet_two27]" time="0.000" /><testcase classname="tests.integration.test_bet" name="test_bet_type_inequality[bet_one28-bet_two28]" time="0.000" /><testcase classname="tests.integration.test_bet" name="test_bet_type_inequality[bet_one29-bet_two29]" time="0.000" /><testcase classname="tests.integration.test_bet" name="test_bet_type_inequality[bet_one30-bet_two30]" time="0.000" /><testcase classname="tests.integration.test_bet" name="test_bet_type_inequality[bet_one31-bet_two31]" time="0.000" /><testcase classname="tests.integration.test_bet" name="test_bet_type_inequality[bet_one32-bet_two32]" time="0.000" /><testcase classname="tests.integration.test_bet" name="test_bet_type_inequality[bet_one33-bet_two33]" time="0.000" /><testcase classname="tests.integration.test_bet" name="test_bet_type_inequality[bet_one34-bet_two34]" time="0.000" /><testcase classname="tests.integration.test_bet" name="test_bet_type_inequality[bet_one35-bet_two35]" time="0.000" /><testcase classname="tests.integration.test_bet" name="test_bet_type_inequality[bet_one36-bet_two36]" time="0.000" /><testcase classname="tests.integration.test_bet" name="test_bet_type_inequality[bet_one37-bet_two37]" time="0.000" /><testcase classname="tests.integration.test_bet" name="test_bet_type_inequality[bet_one38-bet_two38]" time="0.000" /><testcase classname="tests.integration.test_bet" name="test_bet_type_inequality[bet_one39-bet_two39]" time="0.000" /><testcase classname="tests.integration.test_bet" name="test_bet_type_inequality[bet_one40-bet_two40]" time="0.000" /><testcase classname="tests.integration.test_bet" name="test_bet_type_inequality[bet_one41-bet_two41]" time="0.000" /><testcase classname="tests.integration.test_bet" name="test_bet_type_inequality[bet_one42-bet_two42]" time="0.000" /><testcase classname="tests.integration.test_bet" name="test_bet_type_inequality[bet_one43-bet_two43]" time="0.000" /><testcase classname="tests.integration.test_bet" name="test_bet_type_inequality[bet_one44-bet_two44]" time="0.000" /><testcase classname="tests.integration.test_bet" name="test_bet_type_inequality[bet_one45-bet_two45]" time="0.000" /><testcase classname="tests.integration.test_bet" name="test_bet_type_inequality[bet_one46-bet_two46]" time="0.000" /><testcase classname="tests.integration.test_bet" name="test_bet_type_inequality[bet_one47-bet_two47]" time="0.000" /><testcase classname="tests.integration.test_bet" name="test_bet_type_inequality[bet_one48-bet_two48]" time="0.000" /><testcase classname="tests.integration.test_bet" name="test_bet_type_inequality[bet_one49-bet_two49]" time="0.000" /><testcase classname="tests.integration.test_bet" name="test_bet_type_inequality[bet_one50-bet_two50]" time="0.000" /><testcase classname="tests.integration.test_bet" name="test_bet_type_inequality[bet_one51-bet_two51]" time="0.000" /><testcase classname="tests.integration.test_bet" name="test_bet_type_inequality[bet_one52-bet_two52]" time="0.000" /><testcase classname="tests.integration.test_bet" name="test_bet_type_inequality[bet_one53-bet_two53]" time="0.000" /><testcase classname="tests.integration.test_bet" name="test_bet_type_inequality[bet_one54-bet_two54]" time="0.000" /><testcase classname="tests.integration.test_bet" name="test_bet_type_inequality[bet_one55-bet_two55]" time="0.000" /><testcase classname="tests.integration.test_bet" name="test_bet_type_inequality[bet_one56-bet_two56]" time="0.000" /><testcase classname="tests.integration.test_bet" name="test_bet_type_inequality[bet_one57-bet_two57]" time="0.000" /><testcase classname="tests.integration.test_bet" name="test_bet_type_inequality[bet_one58-bet_two58]" time="0.000" /><testcase classname="tests.integration.test_bet" name="test_bet_type_inequality[bet_one59-bet_two59]" time="0.000" /><testcase classname="tests.integration.test_bet" name="test_bet_type_inequality[bet_one60-bet_two60]" time="0.000" /><testcase classname="tests.integration.test_bet" name="test_bet_type_inequality[bet_one61-bet_two61]" time="0.000" /><testcase classname="tests.integration.test_bet" name="test_bet_type_inequality[bet_one62-bet_two62]" time="0.000" /><testcase classname="tests.integration.test_bet" name="test_bet_type_inequality[bet_one63-bet_two63]" time="0.000" /><testcase classname="tests.integration.test_bet" name="test_bet_type_inequality[bet_one64-bet_two64]" time="0.001" /><testcase classname="tests.integration.test_bet" name="test_bet_type_inequality[bet_one65-bet_two65]" time="0.000" /><testcase classname="tests.integration.test_bet" name="test_bet_type_inequality[bet_one66-bet_two66]" time="0.000" /><testcase classname="tests.integration.test_bet" name="test_bet_type_inequality[bet_one67-bet_two67]" time="0.000" /><testcase classname="tests.integration.test_bet" name="test_bet_type_inequality[bet_one68-bet_two68]" time="0.000" /><testcase classname="tests.integration.test_bet" name="test_bet_type_inequality[bet_one69-bet_two69]" time="0.000" /><testcase classname="tests.integration.test_bet" name="test_bet_type_inequality[bet_one70-bet_two70]" time="0.000" /><testcase classname="tests.integration.test_bet" name="test_bet_type_inequality[bet_one71-bet_two71]" time="0.000" /><testcase classname="tests.integration.test_bet" name="test_bet_type_inequality[bet_one72-bet_two72]" time="0.000" /><testcase classname="tests.integration.test_bet" name="test_bet_type_inequality[bet_one73-bet_two73]" time="0.000" /><testcase classname="tests.integration.test_bet" name="test_bet_type_inequality[bet_one74-bet_two74]" time="0.000" /><testcase classname="tests.integration.test_bet" name="test_bet_type_inequality[bet_one75-bet_two75]" time="0.000" /><testcase classname="tests.integration.test_bet" name="test_bet_type_inequality[bet_one76-bet_two76]" time="0.000" /><testcase classname="tests.integration.test_bet" name="test_bet_type_inequality[bet_one77-bet_two77]" time="0.000" /><testcase classname="tests.integration.test_bet" name="test_bet_type_inequality[bet_one78-bet_two78]" time="0.000" /><testcase classname="tests.integration.test_bet" name="test_bet_type_inequality[bet_one79-bet_two79]" time="0.000" /><testcase classname="tests.integration.test_bet" name="test_bet_type_inequality[bet_one80-bet_two80]" time="0.000" /><testcase classname="tests.integration.test_bet" name="test_bet_type_inequality[bet_one81-bet_two81]" time="0.000" /><testcase classname="tests.integration.test_bet" name="test_bet_type_inequality[bet_one82-bet_two82]" time="0.000" /><testcase classname="tests.integration.test_bet" name="test_bet_type_inequality[bet_one83-bet_two83]" time="0.000" /><testcase classname="tests.integration.test_bet" name="test_bet_type_inequality[bet_one84-bet_two84]" time="0.000" /><testcase classname="tests.integration.test_bet" name="test_bet_type_inequality[bet_one85-bet_two85]" time="0.000" /><testcase classname="tests.integration.test_bet" name="test_bet_type_inequality[bet_one86-bet_two86]" time="0.000" /><testcase classname="tests.integration.test_bet" name="test_bet_type_inequality[bet_one87-bet_two87]" time="0.000" /><testcase classname="tests.integration.test_bet" name="test_bet_type_inequality[bet_one88-bet_two88]" time="0.000" /><testcase classname="tests.integration.test_bet" name="test_bet_type_inequality[bet_one89-bet_two89]" time="0.000" /><testcase classname="tests.integration.test_bet" name="test_bet_type_inequality[bet_one90-bet_two90]" time="0.000" /><testcase classname="tests.integration.test_bet" name="test_bet_type_inequality[bet_one91-bet_two91]" time="0.000" /><testcase classname="tests.integration.test_bet" name="test_bet_type_inequality[bet_one92-bet_two92]" time="0.000" /><testcase classname="tests.integration.test_bet" name="test_bet_type_inequality[bet_one93-bet_two93]" time="0.000" /><testcase classname="tests.integration.test_bet" name="test_bet_type_inequality[bet_one94-bet_two94]" time="0.000" /><testcase classname="tests.integration.test_bet" name="test_bet_type_inequality[bet_one95-bet_two95]" time="0.000" /><testcase classname="tests.integration.test_bet" name="test_bet_type_inequality[bet_one96-bet_two96]" time="0.000" /><testcase classname="tests.integration.test_bet" name="test_bet_type_inequality[bet_one97-bet_two97]" time="0.000" /><testcase classname="tests.integration.test_bet" name="test_bet_type_inequality[bet_one98-bet_two98]" time="0.000" /><testcase classname="tests.integration.test_bet" name="test_bet_type_inequality[bet_one99-bet_two99]" time="0.000" /><testcase classname="tests.integration.test_bet" name="test_bet_type_inequality[bet_one100-bet_two100]" time="0.000" /><testcase classname="tests.integration.test_bet" name="test_bet_type_inequality[bet_one101-bet_two101]" time="0.000" /><testcase classname="tests.integration.test_bet" name="test_bet_type_inequality[bet_one102-bet_two102]" time="0.000" /><testcase classname="tests.integration.test_bet" name="test_bet_type_inequality[bet_one103-bet_two103]" time="0.000" /><testcase classname="tests.integration.test_bet" name="test_bet_type_inequality[bet_one104-bet_two104]" time="0.000" /><testcase classname="tests.integration.test_bet" name="test_bet_type_inequality[bet_one105-bet_two105]" time="0.000" /><testcase classname="tests.integration.test_bet" name="test_bet_type_inequality[bet_one106-bet_two106]" time="0.000" /><testcase classname="tests.integration.test_bet" name="test_bet_type_inequality[bet_one107-bet_two107]" time="0.000" /><testcase classname="tests.integration.test_bet" name="test_bet_type_inequality[bet_one108-bet_two108]" time="0.000" /><testcase classname="tests.integration.test_bet" name="test_bet_type_inequality[bet_one109-bet_two109]" time="0.000" /><testcase classname="tests.integration.test_bet" name="test_bet_type_inequality[bet_one110-bet_two110]" time="0.000" /><testcase classname="tests.integration.test_bet" name="test_bet_type_inequality[bet_one111-bet_two111]" time="0.000" /><testcase classname="tests.integration.test_bet" name="test_bet_type_inequality[bet_one112-bet_two112]" time="0.000" /><testcase classname="tests.integration.test_bet" name="test_bet_type_inequality[bet_one113-bet_two113]" time="0.000" /><testcase classname="tests.integration.test_bet" name="test_bet_type_inequality[bet_one114-bet_two114]" time="0.000" /><testcase classname="tests.integration.test_bet" name="test_bet_type_inequality[bet_one115-bet_two115]" time="0.000" /><testcase classname="tests.integration.test_bet" name="test_bet_type_inequality[bet_one116-bet_two116]" time="0.000" /><testcase classname="tests.integration.test_bet" name="test_bet_type_inequality[bet_one117-bet_two117]" time="0.000" /><testcase classname="tests.integration.test_bet" name="test_bet_type_inequality[bet_one118-bet_two118]" time="0.000" /><testcase classname="tests.integration.test_bet" name="test_bet_type_inequality[bet_one119-bet_two119]" time="0.000" /><testcase classname="tests.integration.test_bet" name="test_bet_type_inequality[bet_one120-bet_two120]" time="0.000" /><testcase classname="tests.integration.test_bet" name="test_bet_type_inequality[bet_one121-bet_two121]" time="0.000" /><testcase classname="tests.integration.test_bet" name="test_bet_type_inequality[bet_one122-bet_two122]" time="0.000" /><testcase classname="tests.integration.test_bet" name="test_bet_type_inequality[bet_one123-bet_two123]" time="0.000" /><testcase classname="tests.integration.test_bet" name="test_bet_type_inequality[bet_one124-bet_two124]" time="0.000" /><testcase classname="tests.integration.test_bet" name="test_bet_type_inequality[bet_one125-bet_two125]" time="0.000" /><testcase classname="tests.integration.test_bet" name="test_bet_type_inequality[bet_one126-bet_two126]" time="0.000" /><testcase classname="tests.integration.test_bet" name="test_bet_type_inequality[bet_one127-bet_two127]" time="0.000" /><testcase classname="tests.integration.test_bet" name="test_bet_type_inequality[bet_one128-bet_two128]" time="0.000" /><testcase classname="tests.integration.test_bet" name="test_bet_type_inequality[bet_one129-bet_two129]" time="0.000" /><testcase classname="tests.integration.test_bet" name="test_bet_type_inequality[bet_one130-bet_two130]" time="0.000" /><testcase classname="tests.integration.test_bet" name="test_bet_type_inequality[bet_one131-bet_two131]" time="0.000" /><testcase classname="tests.integration.test_bet" name="test_bet_type_inequality[bet_one132-bet_two132]" time="0.000" /><testcase classname="tests.integration.test_bet" name="test_bet_type_inequality[bet_one133-bet_two133]" time="0.000" /><testcase classname="tests.integration.test_bet" name="test_bet_type_inequality[bet_one134-bet_two134]" time="0.000" /><testcase classname="tests.integration.test_bet" name="test_bet_type_inequality[bet_one135-bet_two135]" time="0.000" /><testcase classname="tests.integration.test_bet" name="test_bet_type_inequality[bet_one136-bet_two136]" time="0.000" /><testcase classname="tests.integration.test_bet" name="test_bet_type_inequality[bet_one137-bet_two137]" time="0.000" /><testcase classname="tests.integration.test_bet" name="test_bet_type_inequality[bet_one138-bet_two138]" time="0.000" /><testcase classname="tests.integration.test_bet" name="test_bet_type_inequality[bet_one139-bet_two139]" time="0.000" /><testcase classname="tests.integration.test_bet" name="test_bet_type_inequality[bet_one140-bet_two140]" time="0.000" /><testcase classname="tests.integration.test_bet" name="test_bet_type_inequality[bet_one141-bet_two141]" time="0.000" /><testcase classname="tests.integration.test_bet" name="test_bet_type_inequality[bet_one142-bet_two142]" time="0.000" /><testcase classname="tests.integration.test_bet" name="test_bet_type_inequality[bet_one143-bet_two143]" time="0.000" /><testcase classname="tests.integration.test_bet" name="test_bet_type_inequality[bet_one144-bet_two144]" time="0.000" /><testcase classname="tests.integration.test_bet" name="test_bet_type_inequality[bet_one145-bet_two145]" time="0.000" /><testcase classname="tests.integration.test_bet" name="test_bet_type_inequality[bet_one146-bet_two146]" time="0.000" /><testcase classname="tests.integration.test_bet" name="test_bet_type_inequality[bet_one147-bet_two147]" time="0.000" /><testcase classname="tests.integration.test_bet" name="test_bet_type_inequality[bet_one148-bet_two148]" time="0.000" /><testcase classname="tests.integration.test_bet" name="test_bet_type_inequality[bet_one149-bet_two149]" time="0.000" /><testcase classname="tests.integration.test_bet" name="test_bet_type_inequality[bet_one150-bet_two150]" time="0.000" /><testcase classname="tests.integration.test_bet" name="test_bet_type_inequality[bet_one151-bet_two151]" time="0.000" /><testcase classname="tests.integration.test_bet" name="test_bet_type_inequality[bet_one152-bet_two152]" time="0.000" /><testcase classname="tests.integration.test_bet" name="test_bet_type_inequality[bet_one153-bet_two153]" time="0.000" /><testcase classname="tests.integration.test_bet" name="test_bet_type_inequality[bet_one154-bet_two154]" time="0.000" /><testcase classname="tests.integration.test_bet" name="test_bet_type_inequality[bet_one155-bet_two155]" time="0.000" /><testcase classname="tests.integration.test_bet" name="test_bet_type_inequality[bet_one156-bet_two156]" time="0.000" /><testcase classname="tests.integration.test_bet" name="test_bet_type_inequality[bet_one157-bet_two157]" time="0.000" /><testcase classname="tests.integration.test_bet" name="test_bet_type_inequality[bet_one158-bet_two158]" time="0.000" /><testcase classname="tests.integration.test_bet" name="test_bet_type_inequality[bet_one159-bet_two159]" time="0.000" /><testcase classname="tests.integration.test_bet" name="test_bet_type_inequality[bet_one160-bet_two160]" time="0.000" /><testcase classname="tests.integration.test_bet" name="test_bet_type_inequality[bet_one161-bet_two161]" time="0.000" /><testcase classname="tests.integration.test_bet" name="test_bet_type_inequality[bet_one162-bet_two162]" time="0.000" /><testcase classname="tests.integration.test_bet" name="test_bet_type_inequality[bet_one163-bet_two163]" time="0.000" /><testcase classname="tests.integration.test_bet" name="test_bet_type_inequality[bet_one164-bet_two164]" time="0.000" /><testcase classname="tests.integration.test_bet" name="test_bet_type_inequality[bet_one165-bet_two165]" time="0.000" /><testcase classname="tests.integration.test_bet" name="test_bet_type_inequality[bet_one166-bet_two166]" time="0.000" /><testcase classname="tests.integration.test_bet" name="test_bet_type_inequality[bet_one167-bet_two167]" time="0.000" /><testcase classname="tests.integration.test_bet" name="test_bet_type_inequality[bet_one168-bet_two168]" time="0.000" /><testcase classname="tests.integration.test_bet" name="test_bet_type_inequality[bet_one169-bet_two169]" time="0.000" /><testcase classname="tests.integration.test_bet" name="test_bet_type_inequality[bet_one170-bet_two170]" time="0.000" /><testcase classname="tests.integration.test_bet" name="test_bet_type_inequality[bet_one171-bet_two171]" time="0.000" /><testcase classname="tests.integration.test_bet" name="test_bet_type_inequality[bet_one172-bet_two172]" time="0.000" /><testcase classname="tests.integration.test_bet" name="test_bet_type_inequality[bet_one173-bet_two173]" time="0.000" /><testcase classname="tests.integration.test_bet" name="test_bet_type_inequality[bet_one174-bet_two174]" time="0.000" /><testcase classname="tests.integration.test_bet" name="test_bet_type_inequality[bet_one175-bet_two175]" time="0.000" /><testcase classname="tests.integration.test_bet" name="test_bet_type_inequality[bet_one176-bet_two176]" time="0.000" /><testcase classname="tests.integration.test_bet" name="test_bet_type_inequality[bet_one177-bet_two177]" time="0.000" /><testcase classname="tests.integration.test_bet" name="test_bet_type_inequality[bet_one178-bet_two178]" time="0.000" /><testcase classname="tests.integration.test_bet" name="test_bet_type_inequality[bet_one179-bet_two179]" time="0.000" /><testcase classname="tests.integration.test_bet" name="test_bet_type_inequality[bet_one180-bet_two180]" time="0.000" /><testcase classname="tests.integration.test_bet" name="test_bet_type_inequality[bet_one181-bet_two181]" time="0.000" /><testcase classname="tests.integration.test_bet" name="test_bet_type_inequality[bet_one182-bet_two182]" time="0.000" /><testcase classname="tests.integration.test_bet" name="test_bet_type_inequality[bet_one183-bet_two183]" time="0.000" /><testcase classname="tests.integration.test_bet" name="test_bet_type_inequality[bet_one184-bet_two184]" time="0.000" /><testcase classname="tests.integration.test_bet" name="test_bet_type_inequality[bet_one185-bet_two185]" time="0.000" /><testcase classname="tests.integration.test_bet" name="test_bet_type_inequality[bet_one186-bet_two186]" time="0.000" /><testcase classname="tests.integration.test_bet" name="test_bet_type_inequality[bet_one187-bet_two187]" time="0.000" /><testcase classname="tests.integration.test_bet" name="test_bet_type_inequality[bet_one188-bet_two188]" time="0.000" /><testcase classname="tests.integration.test_bet" name="test_bet_type_inequality[bet_one189-bet_two189]" time="0.000" /><testcase classname="tests.integration.test_bet" name="test_bet_type_inequality[bet_one190-bet_two190]" time="0.000" /><testcase classname="tests.integration.test_bet" name="test_bet_type_inequality[bet_one191-bet_two191]" time="0.000" /><testcase classname="tests.integration.test_bet" name="test_bet_type_inequality[bet_one192-bet_two192]" time="0.000" /><testcase classname="tests.integration.test_bet" name="test_bet_type_inequality[bet_one193-bet_two193]" time="0.000" /><testcase classname="tests.integration.test_bet" name="test_bet_type_inequality[bet_one194-bet_two194]" time="0.000" /><testcase classname="tests.integration.test_bet" name="test_bet_type_inequality[bet_one195-bet_two195]" time="0.000" /><testcase classname="tests.integration.test_bet" name="test_bet_type_inequality[bet_one196-bet_two196]" time="0.000" /><testcase classname="tests.integration.test_bet" name="test_bet_type_inequality[bet_one197-bet_two197]" time="0.000" /><testcase classname="tests.integration.test_bet" name="test_bet_type_inequality[bet_one198-bet_two198]" time="0.000" /><testcase classname="tests.integration.test_bet" name="test_bet_type_inequality[bet_one199-bet_two199]" time="0.000" /><testcase classname="tests.integration.test_bet" name="test_bet_type_inequality[bet_one200-bet_two200]" time="0.000" /><testcase classname="tests.integration.test_bet" name="test_bet_type_inequality[bet_one201-bet_two201]" time="0.000" /><testcase classname="tests.integration.test_bet" name="test_bet_type_inequality[bet_one202-bet_two202]" time="0.000" /><testcase classname="tests.integration.test_bet" name="test_bet_type_inequality[bet_one203-bet_two203]" time="0.000" /><testcase classname="tests.integration.test_bet" name="test_bet_type_inequality[bet_one204-bet_two204]" time="0.000" /><testcase classname="tests.integration.test_bet" name="test_bet_type_inequality[bet_one205-bet_two205]" time="0.000" /><testcase classname="tests.integration.test_bet" name="test_bet_type_inequality[bet_one206-bet_two206]" time="0.000" /><testcase classname="tests.integration.test_bet" name="test_bet_type_inequality[bet_one207-bet_two207]" time="0.000" /><testcase classname="tests.integration.test_bet" name="test_bet_type_inequality[bet_one208-bet_two208]" time="0.000" /><testcase classname="tests.integration.test_bet" name="test_bet_type_inequality[bet_one209-bet_two209]" time="0.000" /><testcase classname="tests.integration.test_bet" name="test_bet_type_inequality[bet_one210-bet_two210]" time="0.000" /><testcase classname="tests.integration.test_bet" name="test_bet_type_inequality[bet_one211-bet_two211]" time="0.000" /><testcase classname="tests.integration.test_bet" name="test_bet_type_inequality[bet_one212-bet_two212]" time="0.000" /><testcase classname="tests.integration.test_bet" name="test_bet_type_inequality[bet_one213-bet_two213]" time="0.000" /><testcase classname="tests.integration.test_bet" name="test_bet_type_inequality[bet_one214-bet_two214]" time="0.000" /><testcase classname="tests.integration.test_bet" name="test_bet_type_inequality[bet_one215-bet_two215]" time="0.000" /><testcase classname="tests.integration.test_bet" name="test_bet_type_inequality[bet_one216-bet_two216]" time="0.000" /><testcase classname="tests.integration.test_bet" name="test_bet_type_inequality[bet_one217-bet_two217]" time="0.000" /><testcase classname="tests.integration.test_bet" name="test_bet_type_inequality[bet_one218-bet_two218]" time="0.000" /><testcase classname="tests.integration.test_bet" name="test_bet_type_inequality[bet_one219-bet_two219]" time="0.000" /><testcase classname="tests.integration.test_bet" name="test_bet_type_inequality[bet_one220-bet_two220]" time="0.000" /><testcase classname="tests.integration.test_bet" name="test_bet_type_inequality[bet_one221-bet_two221]" time="0.000" /><testcase classname="tests.integration.test_bet" name="test_bet_type_inequality[bet_one222-bet_two222]" time="0.000" /><testcase classname="tests.integration.test_bet" name="test_bet_type_inequality[bet_one223-bet_two223]" time="0.000" /><testcase classname="tests.integration.test_bet" name="test_bet_type_inequality[bet_one224-bet_two224]" time="0.000" /><testcase classname="tests.integration.test_bet" name="test_bet_type_inequality[bet_one225-bet_two225]" time="0.000" /><testcase classname="tests.integration.test_bet" name="test_bet_type_inequality[bet_one226-bet_two226]" time="0.000" /><testcase classname="tests.integration.test_bet" name="test_bet_type_inequality[bet_one227-bet_two227]" time="0.000" /><testcase classname="tests.integration.test_bet" name="test_bet_type_inequality[bet_one228-bet_two228]" time="0.000" /><testcase classname="tests.integration.test_bet" name="test_bet_type_inequality[bet_one229-bet_two229]" time="0.000" /><testcase classname="tests.integration.test_bet" name="test_bet_type_inequality[bet_one230-bet_two230]" time="0.000" /><testcase classname="tests.integration.test_bet" name="test_bet_type_inequality[bet_one231-bet_two231]" time="0.000" /><testcase classname="tests.integration.test_bet" name="test_bet_type_inequality[bet_one232-bet_two232]" time="0.000" /><testcase classname="tests.integration.test_bet" name="test_bet_type_inequality[bet_one233-bet_two233]" time="0.000" /><testcase classname="tests.integration.test_bet" name="test_bet_type_inequality[bet_one234-bet_two234]" time="0.000" /><testcase classname="tests.integration.test_bet" name="test_bet_type_inequality[bet_one235-bet_two235]" time="0.000" /><testcase classname="tests.integration.test_bet" name="test_bet_type_inequality[bet_one236-bet_two236]" time="0.000" /><testcase classname="tests.integration.test_bet" name="test_bet_type_inequality[bet_one237-bet_two237]" time="0.000" /><testcase classname="tests.integration.test_bet" name="test_bet_type_inequality[bet_one238-bet_two238]" time="0.000" /><testcase classname="tests.integration.test_bet" name="test_bet_type_inequality[bet_one239-bet_two239]" time="0.000" /><testcase classname="tests.integration.test_bet" name="test_bet_type_inequality[bet_one240-bet_two240]" time="0.000" /><testcase classname="tests.integration.test_bet" name="test_bet_type_inequality[bet_one241-bet_two241]" time="0.000" /><testcase classname="tests.integration.test_bet" name="test_bet_type_inequality[bet_one242-bet_two242]" time="0.000" /><testcase classname="tests.integration.test_bet" name="test_bet_type_inequality[bet_one243-bet_two243]" time="0.001" /><testcase classname="tests.integration.test_bet" name="test_bet_type_inequality[bet_one244-bet_two244]" time="0.000" /><testcase classname="tests.integration.test_bet" name="test_bet_type_inequality[bet_one245-bet_two245]" time="0.000" /><testcase classname="tests.integration.test_bet" name="test_bet_type_inequality[bet_one246-bet_two246]" time="0.000" /><testcase classname="tests.integration.test_bet" name="test_bet_type_inequality[bet_one247-bet_two247]" time="0.000" /><testcase classname="tests.integration.test_bet" name="test_bet_type_inequality[bet_one248-bet_two248]" time="0.000" /><testcase classname="tests.integration.test_bet" name="test_bet_type_inequality[bet_one249-bet_two249]" time="0.000" /><testcase classname="tests.integration.test_bet" name="test_bet_type_inequality[bet_one250-bet_two250]" time="0.000" /><testcase classname="tests.integration.test_bet" name="test_bet_type_inequality[bet_one251-bet_two251]" time="0.000" /><testcase classname="tests.integration.test_bet" name="test_bet_type_inequality[bet_one252-bet_two252]" time="0.000" /><testcase classname="tests.integration.test_bet" name="test_bet_type_inequality[bet_one253-bet_two253]" time="0.000" /><testcase classname="tests.integration.test_bet" name="test_bet_type_inequality[bet_one254-bet_two254]" time="0.000" /><testcase classname="tests.integration.test_bet" name="test_bet_type_inequality[bet_one255-bet_two255]" time="0.000" /><testcase classname="tests.integration.test_bet" name="test_bet_type_inequality[bet_one256-bet_two256]" time="0.000" /><testcase classname="tests.integration.test_bet" name="test_bet_type_inequality[bet_one257-bet_two257]" time="0.000" /><testcase classname="tests.integration.test_bet" name="test_bet_type_inequality[bet_one258-bet_two258]" time="0.000" /><testcase classname="tests.integration.test_bet" name="test_bet_type_inequality[bet_one259-bet_two259]" time="0.000" /><testcase classname="tests.integration.test_bet" name="test_bet_type_inequality[bet_one260-bet_two260]" time="0.000" /><testcase classname="tests.integration.test_bet" name="test_bet_type_inequality[bet_one261-bet_two261]" time="0.000" /><testcase classname="tests.integration.test_bet" name="test_bet_type_inequality[bet_one262-bet_two262]" time="0.000" /><testcase classname="tests.integration.test_bet" name="test_bet_type_inequality[bet_one263-bet_two263]" time="0.000" /><testcase classname="tests.integration.test_bet" name="test_bet_type_inequality[bet_one264-bet_two264]" time="0.000" /><testcase classname="tests.integration.test_bet" name="test_bet_type_inequality[bet_one265-bet_two265]" time="0.000" /><testcase classname="tests.integration.test_bet" name="test_bet_type_inequality[bet_one266-bet_two266]" time="0.000" /><testcase classname="tests.integration.test_bet" name="test_bet_type_inequality[bet_one267-bet_two267]" time="0.000" /><testcase classname="tests.integration.test_bet" name="test_bet_type_inequality[bet_one268-bet_two268]" time="0.000" /><testcase classname="tests.integration.test_bet" name="test_bet_type_inequality[bet_one269-bet_two269]" time="0.000" /><testcase classname="tests.integration.test_bet" name="test_bet_type_inequality[bet_one270-bet_two270]" time="0.000" /><testcase classname="tests.integration.test_bet" name="test_bet_type_inequality[bet_one271-bet_two271]" time="0.000" /><testcase classname="tests.integration.test_bet" name="test_bet_type_inequality[bet_one272-bet_two272]" time="0.000" /><testcase classname="tests.integration.test_bet" name="test_bet_type_inequality[bet_one273-bet_two273]" time="0.000" /><testcase classname="tests.integration.test_bet" name="test_bet_type_inequality[bet_one274-bet_two274]" time="0.000" /><testcase classname="tests.integration.test_bet" name="test_bet_type_inequality[bet_one275-bet_two275]" time="0.000" /><testcase classname="tests.integration.test_bet" name="test_bet_type_inequality[bet_one276-bet_two276]" time="0.000" /><testcase classname="tests.integration.test_bet" name="test_bet_type_inequality[bet_one277-bet_two277]" time="0.000" /><testcase classname="tests.integration.test_bet" name="test_bet_type_inequality[bet_one278-bet_two278]" time="0.000" /><testcase classname="tests.integration.test_bet" name="test_bet_type_inequality[bet_one279-bet_two279]" time="0.000" /><testcase classname="tests.integration.test_bet" name="test_bet_type_inequality[bet_one280-bet_two280]" time="0.000" /><testcase classname="tests.integration.test_bet" name="test_bet_type_inequality[bet_one281-bet_two281]" time="0.000" /><testcase classname="tests.integration.test_bet" name="test_bet_type_inequality[bet_one282-bet_two282]" time="0.000" /><testcase classname="tests.integration.test_bet" name="test_bet_type_inequality[bet_one283-bet_two283]" time="0.000" /><testcase classname="tests.integration.test_bet" name="test_bet_type_inequality[bet_one284-bet_two284]" time="0.000" /><testcase classname="tests.integration.test_bet" name="test_bet_type_inequality[bet_one285-bet_two285]" time="0.000" /><testcase classname="tests.integration.test_bet" name="test_bet_type_inequality[bet_one286-bet_two286]" time="0.000" /><testcase classname="tests.integration.test_bet" name="test_bet_type_inequality[bet_one287-bet_two287]" time="0.000" /><testcase classname="tests.integration.test_bet" name="test_bet_type_inequality[bet_one288-bet_two288]" time="0.000" /><testcase classname="tests.integration.test_bet" name="test_bet_type_inequality[bet_one289-bet_two289]" time="0.000" /><testcase classname="tests.integration.test_bet" name="test_bet_type_inequality[bet_one290-bet_two290]" time="0.000" /><testcase classname="tests.integration.test_bet" name="test_bet_type_inequality[bet_one291-bet_two291]" time="0.000" /><testcase classname="tests.integration.test_bet" name="test_bet_type_inequality[bet_one292-bet_two292]" time="0.000" /><testcase classname="tests.integration.test_bet" name="test_bet_type_inequality[bet_one293-bet_two293]" time="0.000" /><testcase classname="tests.integration.test_bet" name="test_bet_type_inequality[bet_one294-bet_two294]" time="0.000" /><testcase classname="tests.integration.test_bet" name="test_bet_type_inequality[bet_one295-bet_two295]" time="0.000" /><testcase classname="tests.integration.test_bet" name="test_bet_type_inequality[bet_one296-bet_two296]" time="0.000" /><testcase classname="tests.integration.test_bet" name="test_bet_type_inequality[bet_one297-bet_two297]" time="0.000" /><testcase classname="tests.integration.test_bet" name="test_bet_type_inequality[bet_one298-bet_two298]" time="0.000" /><testcase classname="tests.integration.test_bet" name="test_bet_type_inequality[bet_one299-bet_two299]" time="0.000" /><testcase classname="tests.integration.test_bet" name="test_bet_type_inequality[bet_one300-bet_two300]" time="0.000" /><testcase classname="tests.integration.test_bet" name="test_bet_type_inequality[bet_one301-bet_two301]" time="0.000" /><testcase classname="tests.integration.test_bet" name="test_bet_type_inequality[bet_one302-bet_two302]" time="0.000" /><testcase classname="tests.integration.test_bet" name="test_bet_type_inequality[bet_one303-bet_two303]" time="0.000" /><testcase classname="tests.integration.test_bet" name="test_bet_type_inequality[bet_one304-bet_two304]" time="0.000" /><testcase classname="tests.integration.test_bet" name="test_bet_type_inequality[bet_one305-bet_two305]" time="0.000" /><testcase classname="tests.integration.test_bet" name="test_bet_type_inequality[bet_one306-bet_two306]" time="0.000" /><testcase classname="tests.integration.test_bet" name="test_bet_type_inequality[bet_one307-bet_two307]" time="0.000" /><testcase classname="tests.integration.test_bet" name="test_bet_type_inequality[bet_one308-bet_two308]" time="0.000" /><testcase classname="tests.integration.test_bet" name="test_bet_type_inequality[bet_one309-bet_two309]" time="0.000" /><testcase classname="tests.integration.test_bet" name="test_bet_type_inequality[bet_one310-bet_two310]" time="0.000" /><testcase classname="tests.integration.test_bet" name="test_bet_type_inequality[bet_one311-bet_two311]" time="0.000" /><testcase classname="tests.integration.test_bet" name="test_bet_type_inequality[bet_one312-bet_two312]" time="0.000" /><testcase classname="tests.integration.test_bet" name="test_bet_type_inequality[bet_one313-bet_two313]" time="0.000" /><testcase classname="tests.integration.test_bet" name="test_bet_type_inequality[bet_one314-bet_two314]" time="0.000" /><testcase classname="tests.integration.test_bet" name="test_bet_type_inequality[bet_one315-bet_two315]" time="0.000" /><testcase classname="tests.integration.test_bet" name="test_bet_type_inequality[bet_one316-bet_two316]" time="0.000" /><testcase classname="tests.integration.test_bet" name="test_bet_type_inequality[bet_one317-bet_two317]" time="0.000" /><testcase classname="tests.integration.test_bet" name="test_bet_type_inequality[bet_one318-bet_two318]" time="0.000" /><testcase classname="tests.integration.test_bet" name="test_bet_type_inequality[bet_one319-bet_two319]" time="0.000" /><testcase classname="tests.integration.test_bet" name="test_bet_type_inequality[bet_one320-bet_two320]" time="0.000" /><testcase classname="tests.integration.test_bet" name="test_bet_type_inequality[bet_one321-bet_two321]" time="0.000" /><testcase classname="tests.integration.test_bet" name="test_bet_type_inequality[bet_one322-bet_two322]" time="0.000" /><testcase classname="tests.integration.test_bet" name="test_bet_type_inequality[bet_one323-bet_two323]" time="0.000" /><testcase classname="tests.integration.test_bet" name="test_bet_type_inequality[bet_one324-bet_two324]" time="0.000" /><testcase classname="tests.integration.test_bet" name="test_bet_type_inequality[bet_one325-bet_two325]" time="0.000" /><testcase classname="tests.integration.test_bet" name="test_bet_type_inequality[bet_one326-bet_two326]" time="0.000" /><testcase classname="tests.integration.test_bet" name="test_bet_type_inequality[bet_one327-bet_two327]" time="0.000" /><testcase classname="tests.integration.test_bet" name="test_bet_type_inequality[bet_one328-bet_two328]" time="0.000" /><testcase classname="tests.integration.test_bet" name="test_bet_type_inequality[bet_one329-bet_two329]" time="0.000" /><testcase classname="tests.integration.test_bet" name="test_bet_type_inequality[bet_one330-bet_two330]" time="0.000" /><testcase classname="tests.integration.test_bet" name="test_bet_type_inequality[bet_one331-bet_two331]" time="0.000" /><testcase classname="tests.integration.test_bet" name="test_bet_type_inequality[bet_one332-bet_two332]" time="0.000" /><testcase classname="tests.integration.test_bet" name="test_bet_type_inequality[bet_one333-bet_two333]" time="0.000" /><testcase classname="tests.integration.test_bet" name="test_bet_type_inequality[bet_one334-bet_two334]" time="0.000" /><testcase classname="tests.integration.test_bet" name="test_bet_type_inequality[bet_one335-bet_two335]" time="0.000" /><testcase classname="tests.integration.test_bet" name="test_bet_type_inequality[bet_one336-bet_two336]" time="0.000" /><testcase classname="tests.integration.test_bet" name="test_bet_type_inequality[bet_one337-bet_two337]" time="0.000" /><testcase classname="tests.integration.test_bet" name="test_bet_type_inequality[bet_one338-bet_two338]" time="0.000" /><testcase classname="tests.integration.test_bet" name="test_bet_type_inequality[bet_one339-bet_two339]" time="0.000" /><testcase classname="tests.integration.test_bet" name="test_bet_type_inequality[bet_one340-bet_two340]" time="0.000" /><testcase classname="tests.integration.test_bet" name="test_bet_type_inequality[bet_one341-bet_two341]" time="0.000" /><testcase classname="tests.integration.test_bet" name="test_bet_type_inequality[bet_one342-bet_two342]" time="0.000" /><testcase classname="tests.integration.test_bet" name="test_bet_type_inequality[bet_one343-bet_two343]" time="0.000" /><testcase classname="tests.integration.test_bet" name="test_bet_type_inequality[bet_one344-bet_two344]" time="0.000" /><testcase classname="tests.integration.test_bet" name="test_bet_type_inequality[bet_one345-bet_two345]" time="0.000" /><testcase classname="tests.integration.test_bet" name="test_bet_type_inequality[bet_one346-bet_two346]" time="0.000" /><testcase classname="tests.integration.test_bet" name="test_bet_type_inequality[bet_one347-bet_two347]" time="0.000" /><testcase classname="tests.integration.test_bet" name="test_bet_type_inequality[bet_one348-bet_two348]" time="0.000" /><testcase classname="tests.integration.test_bet" name="test_bet_type_inequality[bet_one349-bet_two349]" time="0.000" /><testcase classname="tests.integration.test_bet" name="test_bet_type_inequality[bet_one350-bet_two350]" time="0.000" /><testcase classname="tests.integration.test_bet" name="test_bet_type_inequality[bet_one351-bet_two351]" time="0.000" /><testcase classname="tests.integration.test_bet" name="test_bet_type_inequality[bet_one352-bet_two352]" time="0.000" /><testcase classname="tests.integration.test_bet" name="test_bet_type_inequality[bet_one353-bet_two353]" time="0.000" /><testcase classname="tests.integration.test_bet" name="test_bet_type_inequality[bet_one354-bet_two354]" time="0.000" /><testcase classname="tests.integration.test_bet" name="test_bet_type_inequality[bet_one355-bet_two355]" time="0.000" /><testcase classname="tests.integration.test_bet" name="test_bet_type_inequality[bet_one356-bet_two356]" time="0.000" /><testcase classname="tests.integration.test_bet" name="test_bet_type_inequality[bet_one357-bet_two357]" time="0.000" /><testcase classname="tests.integration.test_bet" name="test_bet_type_inequality[bet_one358-bet_two358]" time="0.000" /><testcase classname="tests.integration.test_bet" name="test_bet_type_inequality[bet_one359-bet_two359]" time="0.000" /><testcase classname="tests.integration.test_bet" name="test_bet_type_inequality[bet_one360-bet_two360]" time="0.000" /><testcase classname="tests.integration.test_bet" name="test_bet_type_inequality[bet_one361-bet_two361]" time="0.000" /><testcase classname="tests.integration.test_bet" name="test_bet_type_inequality[bet_one362-bet_two362]" time="0.000" /><testcase classname="tests.integration.test_bet" name="test_bet_type_inequality[bet_one363-bet_two363]" time="0.000" /><testcase classname="tests.integration.test_bet" name="test_bet_type_inequality[bet_one364-bet_two364]" time="0.000" /><testcase classname="tests.integration.test_bet" name="test_bet_type_inequality[bet_one365-bet_two365]" time="0.000" /><testcase classname="tests.integration.test_bet" name="test_bet_type_inequality[bet_one366-bet_two366]" time="0.000" /><testcase classname="tests.integration.test_bet" name="test_bet_type_inequality[bet_one367-bet_two367]" time="0.000" /><testcase classname="tests.integration.test_bet" name="test_bet_type_inequality[bet_one368-bet_two368]" time="0.000" /><testcase classname="tests.integration.test_bet" name="test_bet_type_inequality[bet_one369-bet_two369]" time="0.000" /><testcase classname="tests.integration.test_bet" name="test_bet_type_inequality[bet_one370-bet_two370]" time="0.000" /><testcase classname="tests.integration.test_bet" name="test_bet_type_inequality[bet_one371-bet_two371]" time="0.000" /><testcase classname="tests.integration.test_bet" name="test_bet_type_inequality[bet_one372-bet_two372]" time="0.000" /><testcase classname="tests.integration.test_bet" name="test_bet_type_inequality[bet_one373-bet_two373]" time="0.000" /><testcase classname="tests.integration.test_bet" name="test_bet_type_inequality[bet_one374-bet_two374]" time="0.000" /><testcase classname="tests.integration.test_bet" name="test_bet_type_inequality[bet_one375-bet_two375]" time="0.000" /><testcase classname="tests.integration.test_bet" name="test_bet_type_inequality[bet_one376-bet_two376]" time="0.000" /><testcase classname="tests.integration.test_bet" name="test_bet_type_inequality[bet_one377-bet_two377]" time="0.000" /><testcase classname="tests.integration.test_bet" name="test_bet_type_inequality[bet_one378-bet_two378]" time="0.000" /><testcase classname="tests.integration.test_bet" name="test_bet_type_inequality[bet_one379-bet_two379]" time="0.000" /><testcase classname="tests.integration.test_bet" name="test_bet_type_inequality[bet_one380-bet_two380]" time="0.000" /><testcase classname="tests.integration.test_bet" name="test_bet_type_inequality[bet_one381-bet_two381]" time="0.000" /><testcase classname="tests.integration.test_bet" name="test_bet_type_inequality[bet_one382-bet_two382]" time="0.000" /><testcase classname="tests.integration.test_bet" name="test_bet_type_inequality[bet_one383-bet_two383]" time="0.000" /><testcase classname="tests.integration.test_bet" name="test_bet_type_inequality[bet_one384-bet_two384]" time="0.000" /><testcase classname="tests.integration.test_bet" name="test_bet_type_inequality[bet_one385-bet_two385]" time="0.000" /><testcase classname="tests.integration.test_bet" name="test_bet_type_inequality[bet_one386-bet_two386]" time="0.000" /><testcase classname="tests.integration.test_bet" name="test_bet_type_inequality[bet_one387-bet_two387]" time="0.000" /><testcase classname="tests.integration.test_bet" name="test_bet_type_inequality[bet_one388-bet_two388]" time="0.001" /><testcase classname="tests.integration.test_bet" name="test_bet_type_inequality[bet_one389-bet_two389]" time="0.000" /><testcase classname="tests.integration.test_bet" name="test_bet_type_inequality[bet_one390-bet_two390]" time="0.000" /><testcase classname="tests.integration.test_bet" name="test_bet_type_inequality[bet_one391-bet_two391]" time="0.000" /><testcase classname="tests.integration.test_bet" name="test_bet_type_inequality[bet_one392-bet_two392]" time="0.000" /><testcase classname="tests.integration.test_bet" name="test_bet_type_inequality[bet_one393-bet_two393]" time="0.000" /><testcase classname="tests.integration.test_bet" name="test_bet_type_inequality[bet_one394-bet_two394]" time="0.000" /><testcase classname="tests.integration.test_bet" name="test_bet_type_inequality[bet_one395-bet_two395]" time="0.000" /><testcase classname="tests.integration.test_bet" name="test_bet_type_inequality[bet_one396-bet_two396]" time="0.000" /><testcase classname="tests.integration.test_bet" name="test_bet_type_inequality[bet_one397-bet_two397]" time="0.000" /><testcase classname="tests.integration.test_bet" name="test_bet_type_inequality[bet_one398-bet_two398]" time="0.000" /><testcase classname="tests.integration.test_bet" name="test_bet_type_inequality[bet_one399-bet_two399]" time="0.000" /><testcase classname="tests.integration.test_bet" name="test_bet_type_inequality[bet_one400-bet_two400]" time="0.000" /><testcase classname="tests.integration.test_bet" name="test_bet_type_inequality[bet_one401-bet_two401]" time="0.000" /><testcase classname="tests.integration.test_bet" name="test_bet_type_inequality[bet_one402-bet_two402]" time="0.000" /><testcase classname="tests.integration.test_bet" name="test_bet_type_inequality[bet_one403-bet_two403]" time="0.000" /><testcase classname="tests.integration.test_bet" name="test_bet_type_inequality[bet_one404-bet_two404]" time="0.000" /><testcase classname="tests.integration.test_bet" name="test_bet_type_inequality[bet_one405-bet_two405]" time="0.000" /><testcase classname="tests.integration.test_bet" name="test_bet_type_inequality[bet_one406-bet_two406]" time="0.000" /><testcase classname="tests.integration.test_bet" name="test_bet_type_inequality[bet_one407-bet_two407]" time="0.000" /><testcase classname="tests.integration.test_bet" name="test_bet_type_inequality[bet_one408-bet_two408]" time="0.000" /><testcase classname="tests.integration.test_bet" name="test_bet_type_inequality[bet_one409-bet_two409]" time="0.000" /><testcase classname="tests.integration.test_bet" name="test_bet_type_inequality[bet_one410-bet_two410]" time="0.000" /><testcase classname="tests.integration.test_bet" name="test_bet_type_inequality[bet_one411-bet_two411]" time="0.000" /><testcase classname="tests.integration.test_bet" name="test_bet_type_inequality[bet_one412-bet_two412]" time="0.000" /><testcase classname="tests.integration.test_bet" name="test_bet_type_inequality[bet_one413-bet_two413]" time="0.000" /><testcase classname="tests.integration.test_bet" name="test_bet_type_inequality[bet_one414-bet_two414]" time="0.000" /><testcase classname="tests.integration.test_bet" name="test_bet_type_inequality[bet_one415-bet_two415]" time="0.000" /><testcase classname="tests.integration.test_bet" name="test_bet_type_inequality[bet_one416-bet_two416]" time="0.000" /><testcase classname="tests.integration.test_bet" name="test_bet_type_inequality[bet_one417-bet_two417]" time="0.000" /><testcase classname="tests.integration.test_bet" name="test_bet_type_inequality[bet_one418-bet_two418]" time="0.000" /><testcase classname="tests.integration.test_bet" name="test_bet_type_inequality[bet_one419-bet_two419]" time="0.000" /><testcase classname="tests.integration.test_bet" name="test_bet_type_inequality[bet_one420-bet_two420]" time="0.000" /><testcase classname="tests.integration.test_bet" name="test_bet_type_inequality[bet_one421-bet_two421]" time="0.000" /><testcase classname="tests.integration.test_bet" name="test_bet_type_inequality[bet_one422-bet_two422]" time="0.000" /><testcase classname="tests.integration.test_bet" name="test_bet_type_inequality[bet_one423-bet_two423]" time="0.000" /><testcase classname="tests.integration.test_bet" name="test_bet_type_inequality[bet_one424-bet_two424]" time="0.000" /><testcase classname="tests.integration.test_bet" name="test_bet_type_inequality[bet_one425-bet_two425]" time="0.000" /><testcase classname="tests.integration.test_bet" name="test_bet_type_inequality[bet_one426-bet_two426]" time="0.000" /><testcase classname="tests.integration.test_bet" name="test_bet_type_inequality[bet_one427-bet_two427]" time="0.000" /><testcase classname="tests.integration.test_bet" name="test_bet_type_inequality[bet_one428-bet_two428]" time="0.001" /><testcase classname="tests.integration.test_bet" name="test_bet_type_inequality[bet_one429-bet_two429]" time="0.001" /><testcase classname="tests.integration.test_bet" name="test_bet_type_inequality[bet_one430-bet_two430]" time="0.000" /><testcase classname="tests.integration.test_bet" name="test_bet_type_inequality[bet_one431-bet_two431]" time="0.000" /><testcase classname="tests.integration.test_bet" name="test_bet_type_inequality[bet_one432-bet_two432]" time="0.000" /><testcase classname="tests.integration.test_bet" name="test_bet_type_inequality[bet_one433-bet_two433]" time="0.000" /><testcase classname="tests.integration.test_bet" name="test_bet_type_inequality[bet_one434-bet_two434]" time="0.000" /><testcase classname="tests.integration.test_bet" name="test_bet_type_inequality[bet_one435-bet_two435]" time="0.001" /><testcase classname="tests.integration.test_bet" name="test_bet_type_inequality[bet_one436-bet_two436]" time="0.000" /><testcase classname="tests.integration.test_bet" name="test_bet_type_inequality[bet_one437-bet_two437]" time="0.000" /><testcase classname="tests.integration.test_bet" name="test_bet_type_inequality[bet_one438-bet_two438]" time="0.000" /><testcase classname="tests.integration.test_bet" name="test_bet_type_inequality[bet_one439-bet_two439]" time="0.000" /><testcase classname="tests.integration.test_bet" name="test_bet_type_inequality[bet_one440-bet_two440]" time="0.000" /><testcase classname="tests.integration.test_bet" name="test_bet_type_inequality[bet_one441-bet_two441]" time="0.000" /><testcase classname="tests.integration.test_bet" name="test_bet_type_inequality[bet_one442-bet_two442]" time="0.000" /><testcase classname="tests.integration.test_bet" name="test_bet_type_inequality[bet_one443-bet_two443]" time="0.000" /><testcase classname="tests.integration.test_bet" name="test_bet_type_inequality[bet_one444-bet_two444]" time="0.000" /><testcase classname="tests.integration.test_bet" name="test_bet_type_inequality[bet_one445-bet_two445]" time="0.000" /><testcase classname="tests.integration.test_bet" name="test_bet_type_inequality[bet_one446-bet_two446]" time="0.000" /><testcase classname="tests.integration.test_bet" name="test_bet_type_inequality[bet_one447-bet_two447]" time="0.000" /><testcase classname="tests.integration.test_bet" name="test_bet_type_inequality[bet_one448-bet_two448]" time="0.000" /><testcase classname="tests.integration.test_bet" name="test_bet_type_inequality[bet_one449-bet_two449]" time="0.000" /><testcase classname="tests.integration.test_bet" name="test_bet_type_inequality[bet_one450-bet_two450]" time="0.000" /><testcase classname="tests.integration.test_bet" name="test_bet_type_inequality[bet_one451-bet_two451]" time="0.000" /><testcase classname="tests.integration.test_bet" name="test_bet_type_inequality[bet_one452-bet_two452]" time="0.000" /><testcase classname="tests.integration.test_bet" name="test_bet_type_inequality[bet_one453-bet_two453]" time="0.000" /><testcase classname="tests.integration.test_bet" name="test_bet_type_inequality[bet_one454-bet_two454]" time="0.000" /><testcase classname="tests.integration.test_bet" name="test_bet_type_inequality[bet_one455-bet_two455]" time="0.000" /><testcase classname="tests.integration.test_bet" name="test_bet_type_inequality[bet_one456-bet_two456]" time="0.000" /><testcase classname="tests.integration.test_bet" name="test_bet_type_inequality[bet_one457-bet_two457]" time="0.000" /><testcase classname="tests.integration.test_bet" name="test_bet_type_inequality[bet_one458-bet_two458]" time="0.000" /><testcase classname="tests.integration.test_bet" name="test_bet_type_inequality[bet_one459-bet_two459]" time="0.000" /><testcase classname="tests.integration.test_bet" name="test_bet_type_inequality[bet_one460-bet_two460]" time="0.000" /><testcase classname="tests.integration.test_bet" name="test_bet_type_inequality[bet_one461-bet_two461]" time="0.000" /><testcase classname="tests.integration.test_bet" name="test_bet_type_inequality[bet_one462-bet_two462]" time="0.000" /><testcase classname="tests.integration.test_bet" name="test_bet_type_inequality[bet_one463-bet_two463]" time="0.000" /><testcase classname="tests.integration.test_bet" name="test_bet_type_inequality[bet_one464-bet_two464]" time="0.000" /><testcase classname="tests.integration.test_bet" name="test_bet_type_inequality[bet_one465-bet_two465]" time="0.000" /><testcase classname="tests.integration.test_bet" name="test_bet_type_inequality[bet_one466-bet_two466]" time="0.000" /><testcase classname="tests.integration.test_bet" name="test_bet_type_inequality[bet_one467-bet_two467]" time="0.000" /><testcase classname="tests.integration.test_bet" name="test_bet_type_inequality[bet_one468-bet_two468]" time="0.000" /><testcase classname="tests.integration.test_bet" name="test_bet_type_inequality[bet_one469-bet_two469]" time="0.000" /><testcase classname="tests.integration.test_bet" name="test_bet_type_inequality[bet_one470-bet_two470]" time="0.000" /><testcase classname="tests.integration.test_bet" name="test_bet_type_inequality[bet_one471-bet_two471]" time="0.000" /><testcase classname="tests.integration.test_bet" name="test_bet_type_inequality[bet_one472-bet_two472]" time="0.000" /><testcase classname="tests.integration.test_bet" name="test_bet_type_inequality[bet_one473-bet_two473]" time="0.000" /><testcase classname="tests.integration.test_bet" name="test_bet_type_inequality[bet_one474-bet_two474]" time="0.000" /><testcase classname="tests.integration.test_bet" name="test_bet_type_inequality[bet_one475-bet_two475]" time="0.001" /><testcase classname="tests.integration.test_bet" name="test_bet_type_inequality[bet_one476-bet_two476]" time="0.000" /><testcase classname="tests.integration.test_bet" name="test_bet_type_inequality[bet_one477-bet_two477]" time="0.000" /><testcase classname="tests.integration.test_bet" name="test_bet_type_inequality[bet_one478-bet_two478]" time="0.000" /><testcase classname="tests.integration.test_bet" name="test_bet_type_inequality[bet_one479-bet_two479]" time="0.000" /><testcase classname="tests.integration.test_bet" name="test_bet_type_inequality[bet_one480-bet_two480]" time="0.000" /><testcase classname="tests.integration.test_bet" name="test_bet_type_inequality[bet_one481-bet_two481]" time="0.000" /><testcase classname="tests.integration.test_bet" name="test_bet_type_inequality[bet_one482-bet_two482]" time="0.000" /><testcase classname="tests.integration.test_bet" name="test_bet_type_inequality[bet_one483-bet_two483]" time="0.000" /><testcase classname="tests.integration.test_bet" name="test_bet_type_inequality[bet_one484-bet_two484]" time="0.000" /><testcase classname="tests.integration.test_bet" name="test_bet_type_inequality[bet_one485-bet_two485]" time="0.000" /><testcase classname="tests.integration.test_bet" name="test_bet_type_inequality[bet_one486-bet_two486]" time="0.000" /><testcase classname="tests.integration.test_bet" name="test_bet_type_inequality[bet_one487-bet_two487]" time="0.000" /><testcase classname="tests.integration.test_bet" name="test_bet_type_inequality[bet_one488-bet_two488]" time="0.000" /><testcase classname="tests.integration.test_bet" name="test_bet_type_inequality[bet_one489-bet_two489]" time="0.000" /><testcase classname="tests.integration.test_bet" name="test_bet_type_inequality[bet_one490-bet_two490]" time="0.000" /><testcase classname="tests.integration.test_bet" name="test_bet_type_inequality[bet_one491-bet_two491]" time="0.000" /><testcase classname="tests.integration.test_bet" name="test_bet_type_inequality[bet_one492-bet_two492]" time="0.000" /><testcase classname="tests.integration.test_bet" name="test_bet_type_inequality[bet_one493-bet_two493]" time="0.000" /><testcase classname="tests.integration.test_bet" name="test_bet_type_inequality[bet_one494-bet_two494]" time="0.000" /><testcase classname="tests.integration.test_bet" name="test_bet_type_inequality[bet_one495-bet_two495]" time="0.000" /><testcase classname="tests.integration.test_bet" name="test_bet_type_inequality[bet_one496-bet_two496]" time="0.000" /><testcase classname="tests.integration.test_bet" name="test_bet_type_inequality[bet_one497-bet_two497]" time="0.000" /><testcase classname="tests.integration.test_bet" name="test_bet_type_inequality[bet_one498-bet_two498]" time="0.000" /><testcase classname="tests.integration.test_bet" name="test_bet_type_inequality[bet_one499-bet_two499]" time="0.000" /><testcase classname="tests.integration.test_bet" name="test_bet_type_inequality[bet_one500-bet_two500]" time="0.000" /><testcase classname="tests.integration.test_bet" name="test_bet_type_inequality[bet_one501-bet_two501]" time="0.000" /><testcase classname="tests.integration.test_bet" name="test_bet_type_inequality[bet_one502-bet_two502]" time="0.000" /><testcase classname="tests.integration.test_bet" name="test_bet_type_inequality[bet_one503-bet_two503]" time="0.000" /><testcase classname="tests.integration.test_bet" name="test_bet_type_inequality[bet_one504-bet_two504]" time="0.000" /><testcase classname="tests.integration.test_bet" name="test_bet_type_inequality[bet_one505-bet_two505]" time="0.000" /><testcase classname="tests.integration.test_bet" name="test_bet_type_inequality[bet_one506-bet_two506]" time="0.000" /><testcase classname="tests.integration.test_bet" name="test_bet_type_inequality[bet_one507-bet_two507]" time="0.000" /><testcase classname="tests.integration.test_bet" name="test_bet_type_inequality[bet_one508-bet_two508]" time="0.000" /><testcase classname="tests.integration.test_bet" name="test_bet_type_inequality[bet_one509-bet_two509]" time="0.000" /><testcase classname="tests.integration.test_bet" name="test_bet_type_inequality[bet_one510-bet_two510]" time="0.000" /><testcase classname="tests.integration.test_bet" name="test_bet_type_inequality[bet_one511-bet_two511]" time="0.000" /><testcase classname="tests.integration.test_bet" name="test_bet_type_inequality[bet_one512-bet_two512]" time="0.000" /><testcase classname="tests.integration.test_bet" name="test_bet_type_inequality[bet_one513-bet_two513]" time="0.000" /><testcase classname="tests.integration.test_bet" name="test_bet_type_inequality[bet_one514-bet_two514]" time="0.000" /><testcase classname="tests.integration.test_bet" name="test_bet_type_inequality[bet_one515-bet_two515]" time="0.000" /><testcase classname="tests.integration.test_bet" name="test_bet_type_inequality[bet_one516-bet_two516]" time="0.000" /><testcase classname="tests.integration.test_bet" name="test_bet_type_inequality[bet_one517-bet_two517]" time="0.000" /><testcase classname="tests.integration.test_bet" name="test_bet_type_inequality[bet_one518-bet_two518]" time="0.000" /><testcase classname="tests.integration.test_bet" name="test_bet_type_inequality[bet_one519-bet_two519]" time="0.000" /><testcase classname="tests.integration.test_bet" name="test_bet_type_inequality[bet_one520-bet_two520]" time="0.000" /><testcase classname="tests.integration.test_bet" name="test_bet_type_inequality[bet_one521-bet_two521]" time="0.000" /><testcase classname="tests.integration.test_bet" name="test_bet_type_inequality[bet_one522-bet_two522]" time="0.000" /><testcase classname="tests.integration.test_bet" name="test_bet_type_inequality[bet_one523-bet_two523]" time="0.000" /><testcase classname="tests.integration.test_bet" name="test_bet_type_inequality[bet_one524-bet_two524]" time="0.000" /><testcase classname="tests.integration.test_bet" name="test_bet_type_inequality[bet_one525-bet_two525]" time="0.000" /><testcase classname="tests.integration.test_bet" name="test_bet_type_inequality[bet_one526-bet_two526]" time="0.000" /><testcase classname="tests.integration.test_bet" name="test_bet_type_inequality[bet_one527-bet_two527]" time="0.000" /><testcase classname="tests.integration.test_bet" name="test_bet_type_inequality[bet_one528-bet_two528]" time="0.000" /><testcase classname="tests.integration.test_bet" name="test_bet_type_inequality[bet_one529-bet_two529]" time="0.000" /><testcase classname="tests.integration.test_bet" name="test_bet_type_inequality[bet_one530-bet_two530]" time="0.000" /><testcase classname="tests.integration.test_bet" name="test_bet_type_inequality[bet_one531-bet_two531]" time="0.000" /><testcase classname="tests.integration.test_bet" name="test_bet_type_inequality[bet_one532-bet_two532]" time="0.000" /><testcase classname="tests.integration.test_bet" name="test_bet_type_inequality[bet_one533-bet_two533]" time="0.000" /><testcase classname="tests.integration.test_bet" name="test_bet_type_inequality[bet_one534-bet_two534]" time="0.000" /><testcase classname="tests.integration.test_bet" name="test_bet_type_inequality[bet_one535-bet_two535]" time="0.000" /><testcase classname="tests.integration.test_bet" name="test_bet_type_inequality[bet_one536-bet_two536]" time="0.000" /><testcase classname="tests.integration.test_bet" name="test_bet_type_inequality[bet_one537-bet_two537]" time="0.000" /><testcase classname="tests.integration.test_bet" name="test_bet_type_inequality[bet_one538-bet_two538]" time="0.000" /><testcase classname="tests.integration.test_bet" name="test_bet_type_inequality[bet_one539-bet_two539]" time="0.000" /><testcase classname="tests.integration.test_bet" name="test_bet_type_inequality[bet_one540-bet_two540]" time="0.000" /><testcase classname="tests.integration.test_bet" name="test_bet_type_inequality[bet_one541-bet_two541]" time="0.000" /><testcase classname="tests.integration.test_bet" name="test_bet_type_inequality[bet_one542-bet_two542]" time="0.000" /><testcase classname="tests.integration.test_bet" name="test_bet_type_inequality[bet_one543-bet_two543]" time="0.000" /><testcase classname="tests.integration.test_bet" name="test_bet_type_inequality[bet_one544-bet_two544]" time="0.000" /><testcase classname="tests.integration.test_bet" name="test_bet_type_inequality[bet_one545-bet_two545]" time="0.000" /><testcase classname="tests.integration.test_bet" name="test_bet_type_inequality[bet_one546-bet_two546]" time="0.000" /><testcase classname="tests.integration.test_bet" name="test_bet_type_inequality[bet_one547-bet_two547]" time="0.000" /><testcase classname="tests.integration.test_bet" name="test_bet_type_inequality[bet_one548-bet_two548]" time="0.000" /><testcase classname="tests.integration.test_bet" name="test_bet_type_inequality[bet_one549-bet_two549]" time="0.000" /><testcase classname="tests.integration.test_bet" name="test_bet_type_inequality[bet_one550-bet_two550]" time="0.000" /><testcase classname="tests.integration.test_bet" name="test_bet_type_inequality[bet_one551-bet_two551]" time="0.000" /><testcase classname="tests.integration.test_bet" name="test_bet_type_inequality[bet_one552-bet_two552]" time="0.000" /><testcase classname="tests.integration.test_bet" name="test_bet_type_inequality[bet_one553-bet_two553]" time="0.000" /><testcase classname="tests.integration.test_bet" name="test_bet_type_inequality[bet_one554-bet_two554]" time="0.000" /><testcase classname="tests.integration.test_bet" name="test_bet_type_inequality[bet_one555-bet_two555]" time="0.000" /><testcase classname="tests.integration.test_bet" name="test_bet_type_inequality[bet_one556-bet_two556]" time="0.000" /><testcase classname="tests.integration.test_bet" name="test_bet_type_inequality[bet_one557-bet_two557]" time="0.000" /><testcase classname="tests.integration.test_bet" name="test_bet_type_inequality[bet_one558-bet_two558]" time="0.000" /><testcase classname="tests.integration.test_bet" name="test_bet_type_inequality[bet_one559-bet_two559]" time="0.000" /><testcase classname="tests.integration.test_bet" name="test_bet_type_inequality[bet_one560-bet_two560]" time="0.000" /><testcase classname="tests.integration.test_bet" name="test_bet_type_inequality[bet_one561-bet_two561]" time="0.000" /><testcase classname="tests.integration.test_bet" name="test_bet_type_inequality[bet_one562-bet_two562]" time="0.000" /><testcase classname="tests.integration.test_bet" name="test_bet_type_inequality[bet_one563-bet_two563]" time="0.000" /><testcase classname="tests.integration.test_bet" name="test_bet_type_inequality[bet_one564-bet_two564]" time="0.000" /><testcase classname="tests.integration.test_bet" name="test_bet_type_inequality[bet_one565-bet_two565]" time="0.000" /><testcase classname="tests.integration.test_bet" name="test_bet_type_inequality[bet_one566-bet_two566]" time="0.000" /><testcase classname="tests.integration.test_bet" name="test_bet_type_inequality[bet_one567-bet_two567]" time="0.000" /><testcase classname="tests.integration.test_bet" name="test_bet_type_inequality[bet_one568-bet_two568]" time="0.000" /><testcase classname="tests.integration.test_bet" name="test_bet_type_inequality[bet_one569-bet_two569]" time="0.000" /><testcase classname="tests.integration.test_bet" name="test_bet_type_inequality[bet_one570-bet_two570]" time="0.000" /><testcase classname="tests.integration.test_bet" name="test_bet_type_inequality[bet_one571-bet_two571]" time="0.000" /><testcase classname="tests.integration.test_bet" name="test_bet_type_inequality[bet_one572-bet_two572]" time="0.000" /><testcase classname="tests.integration.test_bet" name="test_bet_type_inequality[bet_one573-bet_two573]" time="0.000" /><testcase classname="tests.integration.test_bet" name="test_bet_type_inequality[bet_one574-bet_two574]" time="0.000" /><testcase classname="tests.integration.test_bet" name="test_bet_type_inequality[bet_one575-bet_two575]" time="0.000" /><testcase classname="tests.integration.test_bet" name="test_bet_type_inequality[bet_one576-bet_two576]" time="0.000" /><testcase classname="tests.integration.test_bet" name="test_bet_type_inequality[bet_one577-bet_two577]" time="0.000" /><testcase classname="tests.integration.test_bet" name="test_bet_type_inequality[bet_one578-bet_two578]" time="0.000" /><testcase classname="tests.integration.test_bet" name="test_bet_type_inequality[bet_one579-bet_two579]" time="0.000" /><testcase classname="tests.integration.test_bet" name="test_bet_type_inequality[bet_one580-bet_two580]" time="0.000" /><testcase classname="tests.integration.test_bet" name="test_bet_type_inequality[bet_one581-bet_two581]" time="0.000" /><testcase classname="tests.integration.test_bet" name="test_bet_type_inequality[bet_one582-bet_two582]" time="0.000" /><testcase classname="tests.integration.test_bet" name="test_bet_type_inequality[bet_one583-bet_two583]" time="0.000" /><testcase classname="tests.integration.test_bet" name="test_bet_type_inequality[bet_one584-bet_two584]" time="0.000" /><testcase classname="tests.integration.test_bet" name="test_bet_type_inequality[bet_one585-bet_two585]" time="0.000" /><testcase classname="tests.integration.test_bet" name="test_bet_type_inequality[bet_one586-bet_two586]" time="0.000" /><testcase classname="tests.integration.test_bet" name="test_bet_type_inequality[bet_one587-bet_two587]" time="0.000" /><testcase classname="tests.integration.test_bet" name="test_bet_type_inequality[bet_one588-bet_two588]" time="0.000" /><testcase classname="tests.integration.test_bet" name="test_bet_type_inequality[bet_one589-bet_two589]" time="0.000" /><testcase classname="tests.integration.test_bet" name="test_bet_type_inequality[bet_one590-bet_two590]" time="0.000" /><testcase classname="tests.integration.test_bet" name="test_bet_type_inequality[bet_one591-bet_two591]" time="0.000" /><testcase classname="tests.integration.test_bet" name="test_bet_type_inequality[bet_one592-bet_two592]" time="0.000" /><testcase classname="tests.integration.test_bet" name="test_bet_type_inequality[bet_one593-bet_two593]" time="0.000" /><testcase classname="tests.integration.test_bet" name="test_bet_type_inequality[bet_one594-bet_two594]" time="0.000" /><testcase classname="tests.integration.test_bet" name="test_bet_type_inequality[bet_one595-bet_two595]" time="0.000" /><testcase classname="tests.integration.test_bet" name="test_bet_type_inequality[bet_one596-bet_two596]" time="0.000" /><testcase classname="tests.integration.test_bet" name="test_bet_type_inequality[bet_one597-bet_two597]" time="0.000" /><testcase classname="tests.integration.test_bet" name="test_bet_type_inequality[bet_one598-bet_two598]" time="0.000" /><testcase classname="tests.integration.test_bet" name="test_bet_type_inequality[bet_one599-bet_two599]" time="0.000" /><testcase classname="tests.integration.test_bet" name="test_bet_type_inequality[bet_one600-bet_two600]" time="0.000" /><testcase classname="tests.integration.test_bet" name="test_bet_type_inequality[bet_one601-bet_two601]" time="0.000" /><testcase classname="tests.integration.test_bet" 
[...]
sts.unit.test_strategy" name="test_odds_amount_strategy_add_bet_not_called_come_bet_wrong_type" time="0.001" /><testcase classname="tests.unit.test_strategy" name="test_odds_amount_strategy_add_bet_not_called_amount_too_high" time="0.001" /><testcase classname="tests.unit.test_strategy" name="test_odds_amount_strategy_add_bet_not_called_already_placed" time="0.001" /><testcase classname="tests.unit.test_strategy" name="test_odds_multiplier_pass_line_point_number" time="0.000" /><testcase classname="tests.unit.test_strategy" name="test_odds_multiplier_come_point_number" time="0.000" /><testcase classname="tests.unit.test_strategy" name="test_odds_multiplier_dont_come_bet_placed" time="0.001" /><testcase classname="tests.unit.test_strategy" name="test_come_odds_multiplier_always_working_argument_passes_through" time="0.001" /><testcase classname="tests.unit.test_strategy" name="test_dontcome_odds_multiplier_always_working_argument_passes_through" time="0.001" /><testcase classname="tests.unit.test_strategy" name="test_base_single_bet_add_if_non_existent_add" time="0.001" /><testcase classname="tests.unit.test_strategy" name="test_base_single_bet_add_if_non_existent_dont_add" time="0.001" /><testcase classname="tests.unit.test_strategy" name="test_base_single_bet_is_not_allowed" time="0.001" /><testcase classname="tests.unit.test_strategy" name="test_base_single_bet_add_or_increase" time="0.001" /><testcase classname="tests.unit.test_strategy" name="test_base_single_bet_replace" time="0.001" /><testcase classname="tests.unit.test_strategy" name="test_base_single_bet_bet_point_on_when_point_on" time="0.001" /><testcase classname="tests.unit.test_strategy" name="test_base_single_bet_bet_point_on_when_point_off" time="0.001" /><testcase classname="tests.unit.test_strategy" name="test_bet_place_remove_point_bet" time="0.001" /><testcase classname="tests.unit.test_strategy" name="test_bet_place_skip_point" time="0.000" /><testcase classname="tests.unit.test_strategy" name="test_bet_place_dont_add_point_off" time="0.001" /><testcase classname="tests.unit.test_strategy" name="test_bet_place_add_bet" time="0.001" /><testcase classname="tests.unit.test_strategy" name="test_bet_place_add_bet_not_skip_point" time="0.001" /><testcase classname="tests.unit.test_strategy" name="test_pass_2_come_point_off_passline" time="0.001" /><testcase classname="tests.unit.test_strategy" name="test_pass_2_come_point_on_come" time="0.001" /><testcase classname="tests.unit.test_strategy" name="test_pass_2_come_point_on_come_2" time="0.001" /><testcase classname="tests.unit.test_strategy" name="test_pass_2_come_point_off_come_2_dont_add" time="0.001" /><testcase classname="tests.unit.test_strategy" name="test_pass_line_place_six_eight_pass_line" time="0.001" /><testcase classname="tests.unit.test_strategy" name="test_pass_line_place_six_eight_place_six_eight" time="0.001" /><testcase classname="tests.unit.test_strategy" name="test_pass_line_place_six_eight_place_six_eight_skip_point" time="0.001" /><testcase classname="tests.unit.test_strategy" name="test_pass_line_place_six_eight_place_six_eight_not_skip_point" time="0.001" /><testcase classname="tests.unit.test_strategy" name="test_pass_line_place_six_eight_place_six_eight_doesnt_place_twice" time="0.001" /><testcase classname="tests.unit.test_strategy" name="test_place_inside_place_bets_dict" time="0.001" /><testcase classname="tests.unit.test_strategy" name="test_place_inside_place_bets_int" time="0.001" /><testcase classname="tests.unit.test_strategy" name="test_place_inside_bets_dont_double" time="0.001" /><testcase classname="tests.unit.test_strategy" name="test_place_68_move_59_get_pass_line_come_points" time="0.000" /><testcase classname="tests.unit.test_strategy" name="test_place_68_move_59_do_nothing_point_off" time="0.001" /><testcase classname="tests.unit.test_strategy" name="test_place_68_move_59_remove_matching_place_bet_pass_line" time="0.001" /><testcase classname="tests.unit.test_strategy" name="test_place_68_move_59_remove_matching_place_bet_come" time="0.001" /><testcase classname="tests.unit.test_strategy" name="test_place_68_move_59_add_six_eight_nothing_on_table" time="0.001" /><testcase classname="tests.unit.test_strategy" name="test_place_68_move_59_add_six_eight_other_pass_come_on_table" time="0.001" /><testcase classname="tests.unit.test_strategy" name="test_place_68_move_59_add_five_eight_six_pass_line" time="0.001" /><testcase classname="tests.unit.test_strategy" name="test_place_68_move_59_no_more_than_2_come_bets" time="0.001" /><testcase classname="tests.unit.test_strategy" name="test_place_68_2_come_pass_line_bet_not_repeated" time="0.001" /><testcase classname="tests.unit.test_strategy" name="test_place_68_2_come_come_bet_not_repeated" time="0.002" /><testcase classname="tests.unit.test_strategy" name="test_place_68_2_come_pass_line_added" time="0.001" /><testcase classname="tests.unit.test_strategy" name="test_place_68_2_come_pass_line_not_added_too_many_come" time="0.001" /><testcase classname="tests.unit.test_strategy" name="test_place_68_2_come_come_added_point_on" time="0.001" /><testcase classname="tests.unit.test_strategy" name="test_place_68_2_come_add_come_and_place" time="0.000" /><testcase classname="tests.unit.test_strategy" name="test_place_68_2_come_dont_add_come" time="0.001" /><testcase classname="tests.unit.test_strategy" name="test_hammerlock_point_start_six_eight_amount" time="0.000" /><testcase classname="tests.unit.test_strategy" name="test_hammerlock_end_six_eight_amount" time="0.000" /><testcase classname="tests.unit.test_strategy" name="test_hammerlock_five_nine_amount" time="0.000" /><testcase classname="tests.unit.test_strategy" name="test_hammerlock_odds_multiplier" time="0.000" /><testcase classname="tests.unit.test_strategy" name="test_hammerlock_1_win_after_roll" time="0.001" /><testcase classname="tests.unit.test_strategy" name="test_hammerlock_2_win_after_roll" time="0.001" /><testcase classname="tests.unit.test_strategy" name="test_hammerlock_lose_place_win_count_0" time="0.000" /><testcase classname="tests.unit.test_strategy" name="test_hammerlock_point_off_bets" time="0.001" /><testcase classname="tests.unit.test_strategy" name="test_hammerlock_place_68" time="0.001" /><testcase classname="tests.unit.test_strategy" name="test_hammerlock_place_5689_removed_bets" time="0.001" /><testcase classname="tests.unit.test_strategy" name="test_hammerlock_place_5689_added_bets" time="0.001" /><testcase classname="tests.unit.test_strategy" name="test_hammerlock_always_add_dont_odds[0]" time="0.001" /><testcase classname="tests.unit.test_strategy" name="test_hammerlock_always_add_dont_odds[1]" time="0.001" /><testcase classname="tests.unit.test_strategy" name="test_hammerlock_always_add_dont_odds[2]" time="0.001" /><testcase classname="tests.unit.test_strategy" name="test_risk_12_point_off_add_bets" time="0.001" /><testcase classname="tests.unit.test_strategy" name="test_risk_12_point_on_5_pre_point_winnings" time="0.001" /><testcase classname="tests.unit.test_strategy" name="test_risk_12_point_on_10_pre_point_winnings" time="0.001" /><testcase classname="tests.unit.test_strategy" name="test_dice_doctor_win_increase_progression" time="0.001" /><testcase classname="tests.unit.test_strategy" name="test_dice_doctor_lose_progression" time="0.001" /><testcase classname="tests.unit.test_strategy" name="test_dice_doctor_bet_amounts[0-10]" time="0.001" /><testcase classname="tests.unit.test_strategy" name="test_dice_doctor_bet_amounts[4-25]" time="0.001" /><testcase classname="tests.unit.test_strategy" name="test_dice_doctor_bet_amounts[9-100]" time="0.001" /><testcase classname="tests.unit.test_strategy" name="test_place_68_cpr_amounts[base_amount-6]" time="0.000" /><testcase classname="tests.unit.test_strategy" name="test_place_68_cpr_amounts[starting_amount-6]" time="0.000" /><testcase classname="tests.unit.test_strategy" name="test_place_68_cpr_amounts[win_one_amount-7]" time="0.000" /><testcase classname="tests.unit.test_strategy" name="test_place_68_cpr_amounts[win_two_amount-14]" time="0.000" /><testcase classname="tests.unit.test_strategy" name="test_place_68_cpr_after_roll_6_winnings_increase" time="0.001" /><testcase classname="tests.unit.test_strategy" name="test_place_68_cpr_after_roll_winnings_dont_change" time="0.001" /><testcase classname="tests.unit.test_strategy" name="test_place_68_cpr_ensure_bets_exist_adds_place_6_place_8" time="0.001" /><testcase classname="tests.unit.test_strategy" name="test_place_68_cpr_ensure_bets_exist_doesnt_double_bets" time="0.001" /><testcase classname="tests.unit.test_strategy" name="test_place_68_cpr_ensure_bets_exist_doesnt_add_to_existing_bets_with_press" time="0.001" /><testcase classname="tests.unit.test_strategy" name="test_place_68_cpr_press_increases_bet" time="0.001" /><testcase classname="tests.unit.test_strategy" name="test_place_68_cpr_press_no_increases" time="0.000" /><testcase classname="tests.unit.test_strategy" name="test_place_68_cpr_update_bets_initial_bets" time="0.001" /><testcase classname="tests.unit.test_strategy" name="test_place_68_cpr_update_bets_initial_bets_placed_push_6_add_bet" time="0.001" /><testcase classname="tests.unit.test_strategy" name="test_place_68_cpr_update_bets_initial_bets_placed_no_update" time="0.001" /><testcase classname="tests.unit.test_strategy" name="test_repr_names[strategy0-BetPlace(place_bet_amounts={6: 6, 8: 6}, mode=StrategyMode.BET_IF_POINT_ON, skip_point=True, skip_come=False)]" time="0.000" /><testcase classname="tests.unit.test_strategy" name="test_repr_names[strategy1-BetPassLine(bet_amount=1.0, mode=StrategyMode.ADD_IF_POINT_OFF)]" time="0.000" /><testcase classname="tests.unit.test_strategy" name="test_repr_names[strategy2-BetDontPass(bet_amount=1.0, mode=StrategyMode.ADD_IF_POINT_OFF)]" time="0.000" /><testcase classname="tests.unit.test_strategy" name="test_repr_names[strategy3-BetCome(bet_amount=1.0, mode=StrategyMode.ADD_IF_POINT_ON)]" time="0.000" /><testcase classname="tests.unit.test_strategy" name="test_repr_names[strategy4-BetDontCome(bet_amount=1.0, mode=StrategyMode.ADD_IF_POINT_ON)]" time="0.000" /><testcase classname="tests.unit.test_strategy" name="test_repr_names[strategy5-BetHardWay(4, bet_amount=1.0, mode=StrategyMode.ADD_IF_NOT_BET)]" time="0.000" /><testcase classname="tests.unit.test_strategy" name="test_repr_names[strategy6-BetHardWay(6, bet_amount=1.0, mode=StrategyMode.ADD_IF_NOT_BET)]" time="0.000" /><testcase classname="tests.unit.test_strategy" name="test_repr_names[strategy7-BetHardWay(8, bet_amount=1.0, mode=StrategyMode.ADD_IF_NOT_BET)]" time="0.000" /><testcase classname="tests.unit.test_strategy" name="test_repr_names[strategy8-BetHardWay(10, bet_amount=1.0, mode=StrategyMode.ADD_IF_NOT_BET)]" time="0.000" /><testcase classname="tests.unit.test_strategy" name="test_repr_names[strategy9-BetHop((4, 5), bet_amount=1.0, mode=StrategyMode.ADD_IF_NOT_BET)]" time="0.000" /><testcase classname="tests.unit.test_strategy" name="test_repr_names[strategy10-BetHop((4, 5), bet_amount=1.0, mode=StrategyMode.ADD_IF_NOT_BET)]" time="0.000" /><testcase classname="tests.unit.test_strategy" name="test_repr_names[strategy11-BetHop((1, 1), bet_amount=1.0, mode=StrategyMode.ADD_IF_NOT_BET)]" time="0.000" /><testcase classname="tests.unit.test_strategy" name="test_repr_names[strategy12-BetField(bet_amount=1.0, mode=StrategyMode.ADD_IF_NOT_BET)]" time="0.000" /><testcase classname="tests.unit.test_strategy" name="test_repr_names[strategy13-BetAny7(bet_amount=1.0, mode=StrategyMode.ADD_IF_NOT_BET)]" time="0.000" /><testcase classname="tests.unit.test_strategy" name="test_repr_names[strategy14-BetTwo(bet_amount=1.0, mode=StrategyMode.ADD_IF_NOT_BET)]" time="0.000" /><testcase classname="tests.unit.test_strategy" name="test_repr_names[strategy15-BetThree(bet_amount=1.0, mode=StrategyMode.ADD_IF_NOT_BET)]" time="0.000" /><testcase classname="tests.unit.test_strategy" name="test_repr_names[strategy16-BetYo(bet_amount=1.0, mode=StrategyMode.ADD_IF_NOT_BET)]" time="0.000" /><testcase classname="tests.unit.test_strategy" name="test_repr_names[strategy17-BetBoxcars(bet_amount=1.0, mode=StrategyMode.ADD_IF_NOT_BET)]" time="0.000" /><testcase classname="tests.unit.test_strategy" name="test_repr_names[strategy18-BetFire(bet_amount=1.0, mode=StrategyMode.ADD_IF_NOT_BET)]" time="0.000" /><testcase classname="tests.unit.test_strategy" name="test_repr_names[strategy19-BetAll(bet_amount=1.0, mode=StrategyMode.ADD_IF_NOT_BET)]" time="0.000" /><testcase classname="tests.unit.test_strategy" name="test_repr_names[strategy20-BetTall(bet_amount=1.0, mode=StrategyMode.ADD_IF_NOT_BET)]" time="0.000" /><testcase classname="tests.unit.test_strategy" name="test_repr_names[strategy21-BetSmall(bet_amount=1.0, mode=StrategyMode.ADD_IF_NOT_BET)]" time="0.000" /><testcase classname="tests.unit.test_strategy" name="test_repr_names[strategy22-Pass2Come(amount=1.0)]" time="0.000" /><testcase classname="tests.unit.test_strategy" name="test_repr_names[strategy23-PassLinePlace68(pass_line_amount=5.0, six_amount=6.0, eight_amount=6.0, skip_point=True)]" time="0.000" /><testcase classname="tests.unit.test_strategy" name="test_repr_names[strategy24-PlaceInside(amount=5.0)]" time="0.000" /><testcase classname="tests.unit.test_strategy" name="test_repr_names[strategy25-Place68Move59(pass_come_amount=5.0, six_eight_amount=6.0, five_nine_amount=5.0)]" time="0.000" /><testcase classname="tests.unit.test_strategy" name="test_repr_names[strategy26-PassLinePlace68Move59(pass_line_amount=5.0, six_eight_amount=6.0, five_nine_amount=5.0)]" time="0.000" /><testcase classname="tests.unit.test_strategy" name="test_repr_names[strategy27-Place682Come(pass_come_amount=5.0, six_eight_amount=6.0, five_nine_amount=5.0)]" time="0.000" /><testcase classname="tests.unit.test_strategy" name="test_repr_names[strategy28-IronCross(base_amount=10.0)]" time="0.000" /><testcase classname="tests.unit.test_strategy" name="test_repr_names[strategy29-HammerLock(base_amount=5.0)]" time="0.000" /><testcase classname="tests.unit.test_strategy" name="test_repr_names[strategy30-Risk12()]" time="0.000" /><testcase classname="tests.unit.test_strategy" name="test_repr_names[strategy31-Knockout(base_amount=5.0)]" time="0.000" /><testcase classname="tests.unit.test_strategy" name="test_repr_names[strategy32-DiceDoctor(base_amount=5.0)]" time="0.000" /><testcase classname="tests.unit.test_strategy" name="test_repr_names[strategy33-Place68PR(base_amount=6.0)]" time="0.000" /><testcase classname="tests.unit.test_strategy" name="test_repr_names[strategy34-Place68DontCome2Odds(six_eight_amount=6.0, dont_come_amount=5.0)]" time="0.000" /><testcase classname="tests.unit.test_strategy" name="test_repr_names[strategy35-OddsAmount(base_type=crapssim.bet.PassLine, odds_amounts={4: 10, 5: 10, 6: 10, 8: 10, 9: 10, 10: 10})]" time="0.000" /><testcase classname="tests.unit.test_strategy" name="test_repr_names[strategy36-OddsAmount(base_type=crapssim.bet.PassLine, odds_amounts={4: 10, 5: 10, 6: 10, 8: 10, 9: 10, 10: 10}, always_working=True)]" time="0.000" /><testcase classname="tests.unit.test_strategy" name="test_repr_names[strategy37-OddsAmount(base_type=crapssim.bet.Come, odds_amounts={4: 10, 5: 10, 6: 10, 8: 10, 9: 10, 10: 10})]" time="0.000" /><testcase classname="tests.unit.test_strategy" name="test_repr_names[strategy38-OddsAmount(base_type=crapssim.bet.DontPass, odds_amounts={4: 10, 5: 10, 6: 10, 8: 10, 9: 10, 10: 10})]" time="0.000" /><testcase classname="tests.unit.test_strategy" name="test_repr_names[strategy39-OddsAmount(base_type=crapssim.bet.DontCome, odds_amounts={4: 10, 5: 10, 6: 10, 8: 10, 9: 10, 10: 10}, always_working=True)]" time="0.000" /><testcase classname="tests.unit.test_strategy" name="test_repr_names[strategy40-PassLineOddsAmount(bet_amount=10.0, numbers=(4, 5, 6, 8, 9, 10))]" time="0.000" /><testcase classname="tests.unit.test_strategy" name="test_repr_names[strategy41-PassLineOddsAmount(bet_amount=10.0, numbers=(4, 5, 6, 8, 9, 10), always_working=True)]" time="0.000" /><testcase classname="tests.unit.test_strategy" name="test_repr_names[strategy42-ComeOddsAmount(bet_amount=10.0, numbers=(4, 5, 6, 8, 9, 10), always_working=True)]" time="0.000" /><testcase classname="tests.unit.test_strategy" name="test_repr_names[strategy43-ComeOddsAmount(bet_amount=10.0, numbers=(4, 5, 6, 8, 9, 10))]" time="0.000" /><testcase classname="tests.unit.test_strategy" name="test_repr_names[strategy44-DontPassOddsAmount(bet_amount=10.0, numbers=(4, 5, 6, 8, 9, 10))]" time="0.000" /><testcase classname="tests.unit.test_strategy" name="test_repr_names[strategy45-DontComeOddsAmount(bet_amount=10.0, numbers=(4, 5, 6, 8, 9, 10))]" time="0.001" /><testcase classname="tests.unit.test_strategy" name="test_repr_names[strategy46-PassLineOddsMultiplier(odds_multiplier={4: 3, 5: 4, 6: 5, 8: 5, 9: 4, 10: 3})]" time="0.000" /><testcase classname="tests.unit.test_strategy" name="test_repr_names[strategy47-PassLineOddsMultiplier(odds_multiplier=2)]" time="0.000" /><testcase classname="tests.unit.test_strategy" name="test_repr_names[strategy48-PassLineOddsMultiplier(odds_multiplier=2, always_working=True)]" time="0.000" /><testcase classname="tests.unit.test_strategy" name="test_repr_names[strategy49-ComeOddsMultiplier(odds_multiplier=2, always_working=True)]" time="0.000" /><testcase classname="tests.unit.test_strategy" name="test_repr_names[strategy50-DontPassOddsMultiplier(odds_multiplier=2)]" time="0.000" /><testcase classname="tests.unit.test_strategy" name="test_repr_names[strategy51-DontComeOddsMultiplier(odds_multiplier=2, always_working=True)]" time="0.000" /><testcase classname="tests.unit.test_table" name="test_ensure_one_player" time="0.000" /><testcase classname="tests.unit.test_table" name="test_wrong_point_off" time="0.000" /><testcase classname="tests.unit.test_table" name="test_wrong_point_on" time="0.000" /><testcase classname="tests.unit.test_table" name="test_point_equality[Off-None-Off]" time="0.000" /><testcase classname="tests.unit.test_table" name="test_point_equality[Off-None-off]" time="0.000" /><testcase classname="tests.unit.test_table" name="test_point_equality[On-6-6_0]" time="0.000" /><testcase classname="tests.unit.test_table" name="test_point_equality[On-6-6_1]" time="0.000" /><testcase classname="tests.unit.test_table" name="test_point_equality[On-8-on]" time="0.000" /><testcase classname="tests.unit.test_table" name="test_point_greater_than[8-6_0]" time="0.000" /><testcase classname="tests.unit.test_table" name="test_point_greater_than[8-6_1]" time="0.000" /><testcase classname="tests.unit.test_table" name="test_point_less_than[4-6]" time="0.000" /><testcase classname="tests.unit.test_table" name="test_point_less_than[4-10]" time="0.000" /><testcase classname="tests.unit.test_table" name="test_table_seed_idential[8]" time="0.010" /><testcase classname="tests.unit.test_table" name="test_table_seed_idential[15]" time="0.010" /><testcase classname="tests.unit.test_table" name="test_table_seed_idential[21234]" time="0.010" /><testcase classname="tests.unit.test_table" name="test_table_seed_idential[0]" time="0.009" /><testcase classname="tests.unit.test_table" name="test_table_n_shooters[rolls0-1]" time="0.001" /><testcase classname="tests.unit.test_table" name="test_table_n_shooters[rolls1-1]" time="0.001" /><testcase classname="tests.unit.test_table" name="test_table_n_shooters[rolls2-2]" time="0.001" /><testcase classname="tests.unit.test_table" name="test_table_n_shooters[rolls3-2]" time="0.000" /><testcase classname="tests.unit.test_table" name="test_table_n_shooters[rolls4-2]" time="0.000" /><testcase classname="tests.unit.test_table" name="test_table_n_shooters[rolls5-3]" time="0.001" /><testcase classname="tests.unit.test_table" name="test_table_rerunning_with_rolls" time="0.001" /><testcase classname="tests.unit.test_table" name="test_table_rerunning_with_shooters" time="0.002" /></testsuite></testsuites>